ARM GAS  /var/folders/2m/zqg86yyd4hbf56w83tkxjpvr0000gn/T//ccBByMB7.s 			page 1


   1              		.cpu cortex-m0plus
   2              		.eabi_attribute 20, 1
   3              		.eabi_attribute 21, 1
   4              		.eabi_attribute 23, 3
   5              		.eabi_attribute 24, 1
   6              		.eabi_attribute 25, 1
   7              		.eabi_attribute 26, 1
   8              		.eabi_attribute 30, 1
   9              		.eabi_attribute 34, 0
  10              		.eabi_attribute 18, 4
  11              		.file	"debug.c"
  12              		.text
  13              	.Ltext0:
  14              		.cfi_sections	.debug_frame
  15              		.section	.text.DBG_Init,"ax",%progbits
  16              		.align	1
  17              		.global	DBG_Init
  18              		.syntax unified
  19              		.code	16
  20              		.thumb_func
  21              		.fpu softvfp
  23              	DBG_Init:
  24              	.LFB40:
  25              		.file 1 "Src/debug.c"
   1:Src/debug.c   **** 
   2:Src/debug.c   **** /******************************************************************************
   3:Src/debug.c   ****   * @file    debug.c
   4:Src/debug.c   ****   * @author  MCD Application Team
   5:Src/debug.c   ****   * @version V1.1.5
   6:Src/debug.c   ****   * @date    30-March-2018
   7:Src/debug.c   ****   * @brief   debug API
   8:Src/debug.c   ****   ******************************************************************************
   9:Src/debug.c   ****   * @attention
  10:Src/debug.c   ****   *
  11:Src/debug.c   ****   * <h2><center>&copy; Copyright (c) 2017 STMicroelectronics International N.V. 
  12:Src/debug.c   ****   * All rights reserved.</center></h2>
  13:Src/debug.c   ****   *
  14:Src/debug.c   ****   * Redistribution and use in source and binary forms, with or without 
  15:Src/debug.c   ****   * modification, are permitted, provided that the following conditions are met:
  16:Src/debug.c   ****   *
  17:Src/debug.c   ****   * 1. Redistribution of source code must retain the above copyright notice, 
  18:Src/debug.c   ****   *    this list of conditions and the following disclaimer.
  19:Src/debug.c   ****   * 2. Redistributions in binary form must reproduce the above copyright notice,
  20:Src/debug.c   ****   *    this list of conditions and the following disclaimer in the documentation
  21:Src/debug.c   ****   *    and/or other materials provided with the distribution.
  22:Src/debug.c   ****   * 3. Neither the name of STMicroelectronics nor the names of other 
  23:Src/debug.c   ****   *    contributors to this software may be used to endorse or promote products 
  24:Src/debug.c   ****   *    derived from this software without specific written permission.
  25:Src/debug.c   ****   * 4. This software, including modifications and/or derivative works of this 
  26:Src/debug.c   ****   *    software, must execute solely and exclusively on microcontroller or
  27:Src/debug.c   ****   *    microprocessor devices manufactured by or for STMicroelectronics.
  28:Src/debug.c   ****   * 5. Redistribution and use of this software other than as permitted under 
  29:Src/debug.c   ****   *    this license is void and will automatically terminate your rights under 
  30:Src/debug.c   ****   *    this license. 
  31:Src/debug.c   ****   *
  32:Src/debug.c   ****   * THIS SOFTWARE IS PROVIDED BY STMICROELECTRONICS AND CONTRIBUTORS "AS IS" 
  33:Src/debug.c   ****   * AND ANY EXPRESS, IMPLIED OR STATUTORY WARRANTIES, INCLUDING, BUT NOT 
ARM GAS  /var/folders/2m/zqg86yyd4hbf56w83tkxjpvr0000gn/T//ccBByMB7.s 			page 2


  34:Src/debug.c   ****   * LIMITED TO, THE IMPLIED WARRANTIES OF MERCHANTABILITY, FITNESS FOR A 
  35:Src/debug.c   ****   * PARTICULAR PURPOSE AND NON-INFRINGEMENT OF THIRD PARTY INTELLECTUAL PROPERTY
  36:Src/debug.c   ****   * RIGHTS ARE DISCLAIMED TO THE FULLEST EXTENT PERMITTED BY LAW. IN NO EVENT 
  37:Src/debug.c   ****   * SHALL STMICROELECTRONICS OR CONTRIBUTORS BE LIABLE FOR ANY DIRECT, INDIRECT,
  38:Src/debug.c   ****   * INCIDENTAL, SPECIAL, EXEMPLARY, OR CONSEQUENTIAL DAMAGES (INCLUDING, BUT NOT
  39:Src/debug.c   ****   * LIMITED TO, PROCUREMENT OF SUBSTITUTE GOODS OR SERVICES; LOSS OF USE, DATA, 
  40:Src/debug.c   ****   * OR PROFITS; OR BUSINESS INTERRUPTION) HOWEVER CAUSED AND ON ANY THEORY OF 
  41:Src/debug.c   ****   * LIABILITY, WHETHER IN CONTRACT, STRICT LIABILITY, OR TORT (INCLUDING 
  42:Src/debug.c   ****   * NEGLIGENCE OR OTHERWISE) ARISING IN ANY WAY OUT OF THE USE OF THIS SOFTWARE,
  43:Src/debug.c   ****   * EVEN IF ADVISED OF THE POSSIBILITY OF SUCH DAMAGE.
  44:Src/debug.c   ****   *
  45:Src/debug.c   ****   ******************************************************************************
  46:Src/debug.c   ****   */
  47:Src/debug.c   **** 
  48:Src/debug.c   **** /* Includes ------------------------------------------------------------------*/
  49:Src/debug.c   **** #include "hw.h"
  50:Src/debug.c   **** 
  51:Src/debug.c   **** /**
  52:Src/debug.c   ****   * @brief Initializes the debug
  53:Src/debug.c   ****   * @param None
  54:Src/debug.c   ****   * @retval None
  55:Src/debug.c   ****   */
  56:Src/debug.c   **** void DBG_Init( void )
  57:Src/debug.c   **** {
  26              		.loc 1 57 0
  27              		.cfi_startproc
  28              		@ args = 0, pretend = 0, frame = 24
  29              		@ frame_needed = 0, uses_anonymous_args = 0
  30 0000 10B5     		push	{r4, lr}
  31              	.LCFI0:
  32              		.cfi_def_cfa_offset 8
  33              		.cfi_offset 4, -8
  34              		.cfi_offset 14, -4
  35 0002 86B0     		sub	sp, sp, #24
  36              	.LCFI1:
  37              		.cfi_def_cfa_offset 32
  58:Src/debug.c   **** #ifdef DEBUG
  59:Src/debug.c   ****   GPIO_InitTypeDef  gpioinitstruct = {0};
  60:Src/debug.c   ****   
  61:Src/debug.c   ****   /* Enable the GPIO_B Clock */
  62:Src/debug.c   ****   __HAL_RCC_GPIOB_CLK_ENABLE();
  63:Src/debug.c   **** 
  64:Src/debug.c   ****   /* Configure the GPIO pin */  
  65:Src/debug.c   ****   gpioinitstruct.Mode   = GPIO_MODE_OUTPUT_PP;
  66:Src/debug.c   ****   gpioinitstruct.Pull   = GPIO_PULLUP;
  67:Src/debug.c   ****   gpioinitstruct.Speed  = GPIO_SPEED_HIGH;
  68:Src/debug.c   ****   
  69:Src/debug.c   ****   gpioinitstruct.Pin    = (GPIO_PIN_12 | GPIO_PIN_13| GPIO_PIN_14 | GPIO_PIN_15);
  70:Src/debug.c   ****   HAL_GPIO_Init(GPIOB, &gpioinitstruct);
  71:Src/debug.c   **** 
  72:Src/debug.c   ****   /* Reset debug Pins */
  73:Src/debug.c   ****   HAL_GPIO_WritePin(GPIOB, GPIO_PIN_12, GPIO_PIN_RESET);
  74:Src/debug.c   ****   HAL_GPIO_WritePin(GPIOB, GPIO_PIN_13, GPIO_PIN_RESET);
  75:Src/debug.c   ****   HAL_GPIO_WritePin(GPIOB, GPIO_PIN_14, GPIO_PIN_RESET);
  76:Src/debug.c   ****   HAL_GPIO_WritePin(GPIOB, GPIO_PIN_15, GPIO_PIN_RESET);
  77:Src/debug.c   **** #if 0
  78:Src/debug.c   ****   HAL_RCC_MCOConfig(RCC_MCO1, RCC_MCO1SOURCE_SYSCLK, RCC_MCODIV_1);  
ARM GAS  /var/folders/2m/zqg86yyd4hbf56w83tkxjpvr0000gn/T//ccBByMB7.s 			page 3


  79:Src/debug.c   **** #endif
  80:Src/debug.c   **** 
  81:Src/debug.c   ****   __HAL_RCC_DBGMCU_CLK_ENABLE( );
  82:Src/debug.c   **** 
  83:Src/debug.c   ****   HAL_DBGMCU_EnableDBGSleepMode( );
  84:Src/debug.c   ****   HAL_DBGMCU_EnableDBGStopMode( );
  85:Src/debug.c   ****   HAL_DBGMCU_EnableDBGStandbyMode( );
  86:Src/debug.c   ****   
  87:Src/debug.c   **** #else /* DEBUG */
  88:Src/debug.c   ****   /* sw interface off*/
  89:Src/debug.c   ****   GPIO_InitTypeDef GPIO_InitStructure; 
  90:Src/debug.c   ****   GPIO_InitStructure.Mode   = GPIO_MODE_ANALOG;
  38              		.loc 1 90 0
  39 0004 0323     		movs	r3, #3
  40 0006 0293     		str	r3, [sp, #8]
  91:Src/debug.c   ****   GPIO_InitStructure.Pull   = GPIO_NOPULL;
  41              		.loc 1 91 0
  42 0008 0023     		movs	r3, #0
  43 000a 0393     		str	r3, [sp, #12]
  92:Src/debug.c   ****   GPIO_InitStructure.Pin    = (GPIO_PIN_13 | GPIO_PIN_14);
  44              		.loc 1 92 0
  45 000c C023     		movs	r3, #192
  46 000e DB01     		lsls	r3, r3, #7
  47 0010 0193     		str	r3, [sp, #4]
  93:Src/debug.c   ****   HAL_GPIO_Init(GPIOA, &GPIO_InitStructure);
  48              		.loc 1 93 0
  49 0012 A020     		movs	r0, #160
  50 0014 01A9     		add	r1, sp, #4
  51 0016 C005     		lsls	r0, r0, #23
  52 0018 FFF7FEFF 		bl	HAL_GPIO_Init
  53              	.LVL0:
  94:Src/debug.c   ****   
  95:Src/debug.c   ****   __HAL_RCC_DBGMCU_CLK_ENABLE( );
  54              		.loc 1 95 0
  55 001c 084C     		ldr	r4, .L2
  56 001e 626B     		ldr	r2, [r4, #52]
  57 0020 8023     		movs	r3, #128
  58 0022 DB03     		lsls	r3, r3, #15
  59 0024 1343     		orrs	r3, r2
  60 0026 6363     		str	r3, [r4, #52]
  96:Src/debug.c   ****   HAL_DBGMCU_DisableDBGSleepMode( );
  61              		.loc 1 96 0
  62 0028 FFF7FEFF 		bl	HAL_DBGMCU_DisableDBGSleepMode
  63              	.LVL1:
  97:Src/debug.c   ****   HAL_DBGMCU_DisableDBGStopMode( );
  64              		.loc 1 97 0
  65 002c FFF7FEFF 		bl	HAL_DBGMCU_DisableDBGStopMode
  66              	.LVL2:
  98:Src/debug.c   ****   HAL_DBGMCU_DisableDBGStandbyMode( );
  67              		.loc 1 98 0
  68 0030 FFF7FEFF 		bl	HAL_DBGMCU_DisableDBGStandbyMode
  69              	.LVL3:
  99:Src/debug.c   ****   __HAL_RCC_DBGMCU_CLK_DISABLE( );
  70              		.loc 1 99 0
  71 0034 636B     		ldr	r3, [r4, #52]
  72 0036 034A     		ldr	r2, .L2+4
  73 0038 1340     		ands	r3, r2
ARM GAS  /var/folders/2m/zqg86yyd4hbf56w83tkxjpvr0000gn/T//ccBByMB7.s 			page 4


  74 003a 6363     		str	r3, [r4, #52]
 100:Src/debug.c   **** #endif
 101:Src/debug.c   **** }
  75              		.loc 1 101 0
  76 003c 06B0     		add	sp, sp, #24
  77              		@ sp needed
  78 003e 10BD     		pop	{r4, pc}
  79              	.L3:
  80              		.align	2
  81              	.L2:
  82 0040 00100240 		.word	1073876992
  83 0044 FFFFBFFF 		.word	-4194305
  84              		.cfi_endproc
  85              	.LFE40:
  87              		.section	.text.Error_Handler,"ax",%progbits
  88              		.align	1
  89              		.global	Error_Handler
  90              		.syntax unified
  91              		.code	16
  92              		.thumb_func
  93              		.fpu softvfp
  95              	Error_Handler:
  96              	.LFB41:
 102:Src/debug.c   **** 
 103:Src/debug.c   **** /**
 104:Src/debug.c   ****   * @brief Error_Handler
 105:Src/debug.c   ****   * @param None
 106:Src/debug.c   ****   * @retval None
 107:Src/debug.c   ****   */
 108:Src/debug.c   **** void Error_Handler(void)
 109:Src/debug.c   **** {
  97              		.loc 1 109 0
  98              		.cfi_startproc
  99              		@ Volatile: function does not return.
 100              		@ args = 0, pretend = 0, frame = 0
 101              		@ frame_needed = 0, uses_anonymous_args = 0
 102              		@ link register save eliminated.
 103              	.L5:
 104 0000 FEE7     		b	.L5
 105              		.cfi_endproc
 106              	.LFE41:
 108              		.text
 109              	.Letext0:
 110              		.file 2 "/opt/gcc-arm-none-eabi-7-2017-q4-major/arm-none-eabi/include/machine/_default_types.h"
 111              		.file 3 "/opt/gcc-arm-none-eabi-7-2017-q4-major/arm-none-eabi/include/sys/lock.h"
 112              		.file 4 "/opt/gcc-arm-none-eabi-7-2017-q4-major/arm-none-eabi/include/sys/_types.h"
 113              		.file 5 "/opt/gcc-arm-none-eabi-7-2017-q4-major/lib/gcc/arm-none-eabi/7.2.1/include/stddef.h"
 114              		.file 6 "/opt/gcc-arm-none-eabi-7-2017-q4-major/arm-none-eabi/include/sys/reent.h"
 115              		.file 7 "/opt/gcc-arm-none-eabi-7-2017-q4-major/arm-none-eabi/include/math.h"
 116              		.file 8 "/opt/gcc-arm-none-eabi-7-2017-q4-major/arm-none-eabi/include/sys/_stdint.h"
 117              		.file 9 "Drivers/CMSIS/Device/ST/STM32L0xx/Include/system_stm32l0xx.h"
 118              		.file 10 "Drivers/CMSIS/Device/ST/STM32L0xx/Include/stm32l072xx.h"
 119              		.file 11 "Drivers/STM32L0xx_HAL_Driver/Inc/stm32l0xx_hal_gpio.h"
 120              		.file 12 "/opt/gcc-arm-none-eabi-7-2017-q4-major/arm-none-eabi/include/stdlib.h"
 121              		.file 13 "Drivers/STM32L0xx_HAL_Driver/Inc/stm32l0xx_hal.h"
ARM GAS  /var/folders/2m/zqg86yyd4hbf56w83tkxjpvr0000gn/T//ccBByMB7.s 			page 5


DEFINED SYMBOLS
                            *ABS*:0000000000000000 debug.c
/var/folders/2m/zqg86yyd4hbf56w83tkxjpvr0000gn/T//ccBByMB7.s:16     .text.DBG_Init:0000000000000000 $t
/var/folders/2m/zqg86yyd4hbf56w83tkxjpvr0000gn/T//ccBByMB7.s:23     .text.DBG_Init:0000000000000000 DBG_Init
/var/folders/2m/zqg86yyd4hbf56w83tkxjpvr0000gn/T//ccBByMB7.s:82     .text.DBG_Init:0000000000000040 $d
/var/folders/2m/zqg86yyd4hbf56w83tkxjpvr0000gn/T//ccBByMB7.s:88     .text.Error_Handler:0000000000000000 $t
/var/folders/2m/zqg86yyd4hbf56w83tkxjpvr0000gn/T//ccBByMB7.s:95     .text.Error_Handler:0000000000000000 Error_Handler

UNDEFINED SYMBOLS
HAL_GPIO_Init
HAL_DBGMCU_DisableDBGSleepMode
HAL_DBGMCU_DisableDBGStopMode
HAL_DBGMCU_DisableDBGStandbyMode
