ARM GAS  /var/folders/2m/zqg86yyd4hbf56w83tkxjpvr0000gn/T//cc95Oh2G.s 			page 1


   1              		.cpu cortex-m0plus
   2              		.eabi_attribute 20, 1
   3              		.eabi_attribute 21, 1
   4              		.eabi_attribute 23, 3
   5              		.eabi_attribute 24, 1
   6              		.eabi_attribute 25, 1
   7              		.eabi_attribute 26, 1
   8              		.eabi_attribute 30, 1
   9              		.eabi_attribute 34, 0
  10              		.eabi_attribute 18, 4
  11              		.file	"hw_gpio.c"
  12              		.text
  13              	.Ltext0:
  14              		.cfi_sections	.debug_frame
  15              		.section	.text.HW_GPIO_GetBitPos,"ax",%progbits
  16              		.align	1
  17              		.syntax unified
  18              		.code	16
  19              		.thumb_func
  20              		.fpu softvfp
  22              	HW_GPIO_GetBitPos:
  23              	.LFB45:
  24              		.file 1 "Src/hw_gpio.c"
   1:Src/hw_gpio.c **** /*
   2:Src/hw_gpio.c ****  / _____)             _              | |
   3:Src/hw_gpio.c **** ( (____  _____ ____ _| |_ _____  ____| |__
   4:Src/hw_gpio.c ****  \____ \| ___ |    (_   _) ___ |/ ___)  _ \
   5:Src/hw_gpio.c ****  _____) ) ____| | | || |_| ____( (___| | | |
   6:Src/hw_gpio.c **** (______/|_____)_|_|_| \__)_____)\____)_| |_|
   7:Src/hw_gpio.c ****     (C)2013 Semtech
   8:Src/hw_gpio.c **** 
   9:Src/hw_gpio.c **** Description: Bleeper board GPIO driver implementation
  10:Src/hw_gpio.c **** 
  11:Src/hw_gpio.c **** License: Revised BSD License, see LICENSE.TXT file include in the project
  12:Src/hw_gpio.c **** 
  13:Src/hw_gpio.c **** Maintainer: Miguel Luis and Gregory Cristian
  14:Src/hw_gpio.c **** */
  15:Src/hw_gpio.c ****  /******************************************************************************
  16:Src/hw_gpio.c ****   * @file    hw_gpio.c
  17:Src/hw_gpio.c ****   * @author  MCD Application Team
  18:Src/hw_gpio.c ****   * @version V1.1.5
  19:Src/hw_gpio.c ****   * @date    30-March-2018
  20:Src/hw_gpio.c ****   * @brief   driver for GPIO
  21:Src/hw_gpio.c ****   ******************************************************************************
  22:Src/hw_gpio.c ****   * @attention
  23:Src/hw_gpio.c ****   *
  24:Src/hw_gpio.c ****   * <h2><center>&copy; Copyright (c) 2017 STMicroelectronics International N.V. 
  25:Src/hw_gpio.c ****   * All rights reserved.</center></h2>
  26:Src/hw_gpio.c ****   *
  27:Src/hw_gpio.c ****   * Redistribution and use in source and binary forms, with or without 
  28:Src/hw_gpio.c ****   * modification, are permitted, provided that the following conditions are met:
  29:Src/hw_gpio.c ****   *
  30:Src/hw_gpio.c ****   * 1. Redistribution of source code must retain the above copyright notice, 
  31:Src/hw_gpio.c ****   *    this list of conditions and the following disclaimer.
  32:Src/hw_gpio.c ****   * 2. Redistributions in binary form must reproduce the above copyright notice,
  33:Src/hw_gpio.c ****   *    this list of conditions and the following disclaimer in the documentation
  34:Src/hw_gpio.c ****   *    and/or other materials provided with the distribution.
ARM GAS  /var/folders/2m/zqg86yyd4hbf56w83tkxjpvr0000gn/T//cc95Oh2G.s 			page 2


  35:Src/hw_gpio.c ****   * 3. Neither the name of STMicroelectronics nor the names of other 
  36:Src/hw_gpio.c ****   *    contributors to this software may be used to endorse or promote products 
  37:Src/hw_gpio.c ****   *    derived from this software without specific written permission.
  38:Src/hw_gpio.c ****   * 4. This software, including modifications and/or derivative works of this 
  39:Src/hw_gpio.c ****   *    software, must execute solely and exclusively on microcontroller or
  40:Src/hw_gpio.c ****   *    microprocessor devices manufactured by or for STMicroelectronics.
  41:Src/hw_gpio.c ****   * 5. Redistribution and use of this software other than as permitted under 
  42:Src/hw_gpio.c ****   *    this license is void and will automatically terminate your rights under 
  43:Src/hw_gpio.c ****   *    this license. 
  44:Src/hw_gpio.c ****   *
  45:Src/hw_gpio.c ****   * THIS SOFTWARE IS PROVIDED BY STMICROELECTRONICS AND CONTRIBUTORS "AS IS" 
  46:Src/hw_gpio.c ****   * AND ANY EXPRESS, IMPLIED OR STATUTORY WARRANTIES, INCLUDING, BUT NOT 
  47:Src/hw_gpio.c ****   * LIMITED TO, THE IMPLIED WARRANTIES OF MERCHANTABILITY, FITNESS FOR A 
  48:Src/hw_gpio.c ****   * PARTICULAR PURPOSE AND NON-INFRINGEMENT OF THIRD PARTY INTELLECTUAL PROPERTY
  49:Src/hw_gpio.c ****   * RIGHTS ARE DISCLAIMED TO THE FULLEST EXTENT PERMITTED BY LAW. IN NO EVENT 
  50:Src/hw_gpio.c ****   * SHALL STMICROELECTRONICS OR CONTRIBUTORS BE LIABLE FOR ANY DIRECT, INDIRECT,
  51:Src/hw_gpio.c ****   * INCIDENTAL, SPECIAL, EXEMPLARY, OR CONSEQUENTIAL DAMAGES (INCLUDING, BUT NOT
  52:Src/hw_gpio.c ****   * LIMITED TO, PROCUREMENT OF SUBSTITUTE GOODS OR SERVICES; LOSS OF USE, DATA, 
  53:Src/hw_gpio.c ****   * OR PROFITS; OR BUSINESS INTERRUPTION) HOWEVER CAUSED AND ON ANY THEORY OF 
  54:Src/hw_gpio.c ****   * LIABILITY, WHETHER IN CONTRACT, STRICT LIABILITY, OR TORT (INCLUDING 
  55:Src/hw_gpio.c ****   * NEGLIGENCE OR OTHERWISE) ARISING IN ANY WAY OUT OF THE USE OF THIS SOFTWARE,
  56:Src/hw_gpio.c ****   * EVEN IF ADVISED OF THE POSSIBILITY OF SUCH DAMAGE.
  57:Src/hw_gpio.c ****   *
  58:Src/hw_gpio.c ****   ******************************************************************************
  59:Src/hw_gpio.c ****   */
  60:Src/hw_gpio.c **** 
  61:Src/hw_gpio.c **** /* Includes ------------------------------------------------------------------*/
  62:Src/hw_gpio.c **** #include "hw.h"
  63:Src/hw_gpio.c **** 
  64:Src/hw_gpio.c **** /* Private typedef -----------------------------------------------------------*/
  65:Src/hw_gpio.c **** /* Private define ------------------------------------------------------------*/
  66:Src/hw_gpio.c **** /* Private macro -------------------------------------------------------------*/
  67:Src/hw_gpio.c **** /* Private variables ---------------------------------------------------------*/
  68:Src/hw_gpio.c **** static GpioIrqHandler *GpioIrq[16] = { NULL };
  69:Src/hw_gpio.c **** 
  70:Src/hw_gpio.c **** /* Private function prototypes -----------------------------------------------*/
  71:Src/hw_gpio.c **** 
  72:Src/hw_gpio.c **** static uint8_t HW_GPIO_GetBitPos(uint16_t GPIO_Pin);
  73:Src/hw_gpio.c **** 
  74:Src/hw_gpio.c **** /* Exported functions ---------------------------------------------------------*/
  75:Src/hw_gpio.c **** /*!
  76:Src/hw_gpio.c ****  * @brief Initializes the given GPIO object
  77:Src/hw_gpio.c ****  *
  78:Src/hw_gpio.c ****  * @param  GPIOx: where x can be (A..E and H)
  79:Src/hw_gpio.c ****  * @param  GPIO_Pin: specifies the port bit to be written.
  80:Src/hw_gpio.c ****  *                   This parameter can be one of GPIO_PIN_x where x can be (0..15).
  81:Src/hw_gpio.c ****  *                   All port bits are not necessarily available on all GPIOs.
  82:Src/hw_gpio.c ****  * @param [IN] initStruct  GPIO_InitTypeDef intit structure
  83:Src/hw_gpio.c ****  * @retval none
  84:Src/hw_gpio.c ****  */
  85:Src/hw_gpio.c **** void HW_GPIO_Init( GPIO_TypeDef* port, uint16_t GPIO_Pin, GPIO_InitTypeDef* initStruct)
  86:Src/hw_gpio.c **** {
  87:Src/hw_gpio.c **** 
  88:Src/hw_gpio.c ****   RCC_GPIO_CLK_ENABLE(  (uint32_t) port);
  89:Src/hw_gpio.c **** 
  90:Src/hw_gpio.c ****   initStruct->Pin = GPIO_Pin ;
  91:Src/hw_gpio.c **** 
ARM GAS  /var/folders/2m/zqg86yyd4hbf56w83tkxjpvr0000gn/T//cc95Oh2G.s 			page 3


  92:Src/hw_gpio.c ****   HAL_GPIO_Init( port, initStruct );
  93:Src/hw_gpio.c **** }
  94:Src/hw_gpio.c **** 
  95:Src/hw_gpio.c **** /*!
  96:Src/hw_gpio.c ****  * @brief Records the interrupt handler for the GPIO  object
  97:Src/hw_gpio.c ****  *
  98:Src/hw_gpio.c ****  * @param  GPIOx: where x can be (A..E and H) 
  99:Src/hw_gpio.c ****  * @param  GPIO_Pin: specifies the port bit to be written.
 100:Src/hw_gpio.c ****  *                   This parameter can be one of GPIO_PIN_x where x can be (0..15).
 101:Src/hw_gpio.c ****  *                   All port bits are not necessarily available on all GPIOs.
 102:Src/hw_gpio.c ****  * @param [IN] prio       NVIC priority (0 is highest)
 103:Src/hw_gpio.c ****  * @param [IN] irqHandler  points to the  function to execute
 104:Src/hw_gpio.c ****  * @retval none
 105:Src/hw_gpio.c ****  */
 106:Src/hw_gpio.c **** void HW_GPIO_SetIrq( GPIO_TypeDef* GPIOx, uint16_t GPIO_Pin, uint32_t prio,  GpioIrqHandler *irqHan
 107:Src/hw_gpio.c **** {
 108:Src/hw_gpio.c ****   IRQn_Type IRQnb;
 109:Src/hw_gpio.c ****   
 110:Src/hw_gpio.c ****   uint32_t BitPos = HW_GPIO_GetBitPos( GPIO_Pin ) ;
 111:Src/hw_gpio.c ****   
 112:Src/hw_gpio.c ****   if ( irqHandler != NULL)
 113:Src/hw_gpio.c ****   {
 114:Src/hw_gpio.c ****     GpioIrq[ BitPos ] = irqHandler;
 115:Src/hw_gpio.c **** 
 116:Src/hw_gpio.c ****     IRQnb = MSP_GetIRQn( GPIO_Pin );
 117:Src/hw_gpio.c **** 
 118:Src/hw_gpio.c ****     HAL_NVIC_SetPriority( IRQnb , prio, 0);
 119:Src/hw_gpio.c ****     
 120:Src/hw_gpio.c ****     HAL_NVIC_EnableIRQ( IRQnb );
 121:Src/hw_gpio.c ****   }
 122:Src/hw_gpio.c ****   else
 123:Src/hw_gpio.c ****   {
 124:Src/hw_gpio.c ****     GpioIrq[ BitPos ] = NULL;
 125:Src/hw_gpio.c ****   }
 126:Src/hw_gpio.c **** }
 127:Src/hw_gpio.c **** 
 128:Src/hw_gpio.c **** /*!
 129:Src/hw_gpio.c ****  * @brief Execute the interrupt from the object
 130:Src/hw_gpio.c ****  *
 131:Src/hw_gpio.c ****  * @param  GPIO_Pin: specifies the port bit to be written.
 132:Src/hw_gpio.c ****  *                   This parameter can be one of GPIO_PIN_x where x can be (0..15).
 133:Src/hw_gpio.c ****  *                   All port bits are not necessarily available on all GPIOs.
 134:Src/hw_gpio.c ****  * @retval none
 135:Src/hw_gpio.c ****  */
 136:Src/hw_gpio.c **** void HW_GPIO_IrqHandler( uint16_t GPIO_Pin )
 137:Src/hw_gpio.c **** {
 138:Src/hw_gpio.c ****   uint32_t BitPos = HW_GPIO_GetBitPos( GPIO_Pin );
 139:Src/hw_gpio.c ****   
 140:Src/hw_gpio.c ****   if ( GpioIrq[ BitPos ]  != NULL)
 141:Src/hw_gpio.c ****   {
 142:Src/hw_gpio.c ****     GpioIrq[ BitPos ] ( );
 143:Src/hw_gpio.c ****   }
 144:Src/hw_gpio.c **** }
 145:Src/hw_gpio.c **** 
 146:Src/hw_gpio.c **** /*!
 147:Src/hw_gpio.c ****  * @brief Writes the given value to the GPIO output
 148:Src/hw_gpio.c ****  *
ARM GAS  /var/folders/2m/zqg86yyd4hbf56w83tkxjpvr0000gn/T//cc95Oh2G.s 			page 4


 149:Src/hw_gpio.c ****  * @param  GPIO_Pin: specifies the port bit to be written.
 150:Src/hw_gpio.c ****  *                   This parameter can be one of GPIO_PIN_x where x can be (0..15).
 151:Src/hw_gpio.c ****  *                   All port bits are not necessarily available on all GPIOs.
 152:Src/hw_gpio.c ****  * @param [IN] value New GPIO output value
 153:Src/hw_gpio.c ****  * @retval none
 154:Src/hw_gpio.c ****  */
 155:Src/hw_gpio.c **** void HW_GPIO_Write( GPIO_TypeDef* GPIOx, uint16_t GPIO_Pin,  uint32_t value )
 156:Src/hw_gpio.c **** {
 157:Src/hw_gpio.c ****   HAL_GPIO_WritePin( GPIOx, GPIO_Pin , (GPIO_PinState) value );
 158:Src/hw_gpio.c **** }
 159:Src/hw_gpio.c **** 
 160:Src/hw_gpio.c **** /*!
 161:Src/hw_gpio.c ****  * @brief Reads the current GPIO input value
 162:Src/hw_gpio.c ****  *
 163:Src/hw_gpio.c ****  * @param  GPIOx: where x can be (A..E and H) 
 164:Src/hw_gpio.c ****  * @param  GPIO_Pin: specifies the port bit to be written.
 165:Src/hw_gpio.c ****  *                   This parameter can be one of GPIO_PIN_x where x can be (0..15).
 166:Src/hw_gpio.c ****  *                   All port bits are not necessarily available on all GPIOs.
 167:Src/hw_gpio.c ****  * @retval value   Current GPIO input value
 168:Src/hw_gpio.c ****  */
 169:Src/hw_gpio.c **** uint32_t HW_GPIO_Read( GPIO_TypeDef* GPIOx, uint16_t GPIO_Pin )
 170:Src/hw_gpio.c **** {
 171:Src/hw_gpio.c ****   return HAL_GPIO_ReadPin( GPIOx, GPIO_Pin);
 172:Src/hw_gpio.c **** }
 173:Src/hw_gpio.c **** 
 174:Src/hw_gpio.c **** /* Private functions ---------------------------------------------------------*/
 175:Src/hw_gpio.c **** 
 176:Src/hw_gpio.c **** /*!
 177:Src/hw_gpio.c ****  * @brief Get the position of the bit set in the GPIO_Pin
 178:Src/hw_gpio.c ****  * @param  GPIO_Pin: specifies the port bit to be written.
 179:Src/hw_gpio.c ****  *                   This parameter can be one of GPIO_PIN_x where x can be (0..15).
 180:Src/hw_gpio.c ****  *                   All port bits are not necessarily available on all GPIOs.
 181:Src/hw_gpio.c ****  * @retval the position of the bit
 182:Src/hw_gpio.c ****  */
 183:Src/hw_gpio.c **** static uint8_t HW_GPIO_GetBitPos(uint16_t GPIO_Pin)
 184:Src/hw_gpio.c **** {
  25              		.loc 1 184 0
  26              		.cfi_startproc
  27              		@ args = 0, pretend = 0, frame = 0
  28              		@ frame_needed = 0, uses_anonymous_args = 0
  29              		@ link register save eliminated.
  30              	.LVL0:
 185:Src/hw_gpio.c ****   uint8_t PinPos=0;
 186:Src/hw_gpio.c ****   
 187:Src/hw_gpio.c ****   if ( ( GPIO_Pin & 0xFF00 ) != 0) { PinPos |= 0x8; }
  31              		.loc 1 187 0
  32 0000 FF23     		movs	r3, #255
  33 0002 0200     		movs	r2, r0
  34 0004 9A43     		bics	r2, r3
  35 0006 131E     		subs	r3, r2, #0
  36 0008 00D0     		beq	.L2
  37 000a 0823     		movs	r3, #8
  38              	.L2:
  39              	.LVL1:
 188:Src/hw_gpio.c ****   if ( ( GPIO_Pin & 0xF0F0 ) != 0) { PinPos |= 0x4; }
  40              		.loc 1 188 0
  41 000c 084A     		ldr	r2, .L7
ARM GAS  /var/folders/2m/zqg86yyd4hbf56w83tkxjpvr0000gn/T//cc95Oh2G.s 			page 5


  42 000e 1042     		tst	r0, r2
  43 0010 01D0     		beq	.L3
  44              		.loc 1 188 0 is_stmt 0 discriminator 1
  45 0012 0422     		movs	r2, #4
  46 0014 1343     		orrs	r3, r2
  47              	.LVL2:
  48              	.L3:
 189:Src/hw_gpio.c ****   if ( ( GPIO_Pin & 0xCCCC ) != 0) { PinPos |= 0x2; }
  49              		.loc 1 189 0 is_stmt 1
  50 0016 074A     		ldr	r2, .L7+4
  51 0018 1042     		tst	r0, r2
  52 001a 01D0     		beq	.L4
  53              		.loc 1 189 0 is_stmt 0 discriminator 1
  54 001c 0222     		movs	r2, #2
  55 001e 1343     		orrs	r3, r2
  56              	.LVL3:
  57              	.L4:
 190:Src/hw_gpio.c ****   if ( ( GPIO_Pin & 0xAAAA ) != 0) { PinPos |= 0x1; }
  58              		.loc 1 190 0 is_stmt 1
  59 0020 054A     		ldr	r2, .L7+8
  60 0022 1042     		tst	r0, r2
  61 0024 01D0     		beq	.L5
  62              		.loc 1 190 0 is_stmt 0 discriminator 1
  63 0026 0122     		movs	r2, #1
  64 0028 1343     		orrs	r3, r2
  65              	.LVL4:
  66              	.L5:
 191:Src/hw_gpio.c ****   
 192:Src/hw_gpio.c ****   return PinPos;
 193:Src/hw_gpio.c **** }
  67              		.loc 1 193 0 is_stmt 1
  68 002a 1800     		movs	r0, r3
  69              	.LVL5:
  70              		@ sp needed
  71 002c 7047     		bx	lr
  72              	.L8:
  73 002e C046     		.align	2
  74              	.L7:
  75 0030 F0F0FFFF 		.word	-3856
  76 0034 CCCCFFFF 		.word	-13108
  77 0038 AAAAFFFF 		.word	-21846
  78              		.cfi_endproc
  79              	.LFE45:
  81              		.section	.text.HW_GPIO_Init,"ax",%progbits
  82              		.align	1
  83              		.global	HW_GPIO_Init
  84              		.syntax unified
  85              		.code	16
  86              		.thumb_func
  87              		.fpu softvfp
  89              	HW_GPIO_Init:
  90              	.LFB40:
  86:Src/hw_gpio.c **** 
  91              		.loc 1 86 0
  92              		.cfi_startproc
  93              		@ args = 0, pretend = 0, frame = 24
  94              		@ frame_needed = 0, uses_anonymous_args = 0
ARM GAS  /var/folders/2m/zqg86yyd4hbf56w83tkxjpvr0000gn/T//cc95Oh2G.s 			page 6


  95              	.LVL6:
  96 0000 30B5     		push	{r4, r5, lr}
  97              	.LCFI0:
  98              		.cfi_def_cfa_offset 12
  99              		.cfi_offset 4, -12
 100              		.cfi_offset 5, -8
 101              		.cfi_offset 14, -4
 102 0002 87B0     		sub	sp, sp, #28
 103              	.LCFI1:
 104              		.cfi_def_cfa_offset 40
  88:Src/hw_gpio.c **** 
 105              		.loc 1 88 0
 106 0004 224C     		ldr	r4, .L18
 107 0006 A042     		cmp	r0, r4
 108 0008 23D0     		beq	.L11
 109 000a 0FD9     		bls	.L17
 110 000c 214C     		ldr	r4, .L18+4
 111 000e A042     		cmp	r0, r4
 112 0010 29D0     		beq	.L14
 113 0012 214C     		ldr	r4, .L18+8
 114 0014 A042     		cmp	r0, r4
 115 0016 30D1     		bne	.L10
 116              	.LBB2:
  88:Src/hw_gpio.c **** 
 117              		.loc 1 88 0 is_stmt 0 discriminator 5
 118 0018 204C     		ldr	r4, .L18+12
 119 001a E56A     		ldr	r5, [r4, #44]
 120 001c 0823     		movs	r3, #8
 121 001e 1D43     		orrs	r5, r3
 122 0020 E562     		str	r5, [r4, #44]
 123 0022 E46A     		ldr	r4, [r4, #44]
 124 0024 2340     		ands	r3, r4
 125 0026 0493     		str	r3, [sp, #16]
 126 0028 049B     		ldr	r3, [sp, #16]
 127              	.LBE2:
 128 002a 0CE0     		b	.L16
 129              	.L17:
  88:Src/hw_gpio.c **** 
 130              		.loc 1 88 0
 131 002c A024     		movs	r4, #160
 132 002e E405     		lsls	r4, r4, #23
 133 0030 A042     		cmp	r0, r4
 134 0032 22D1     		bne	.L10
 135              	.LBB3:
  88:Src/hw_gpio.c **** 
 136              		.loc 1 88 0 discriminator 2
 137 0034 194C     		ldr	r4, .L18+12
 138 0036 E56A     		ldr	r5, [r4, #44]
 139 0038 0123     		movs	r3, #1
 140 003a 1D43     		orrs	r5, r3
 141 003c E562     		str	r5, [r4, #44]
 142 003e E46A     		ldr	r4, [r4, #44]
 143 0040 2340     		ands	r3, r4
 144 0042 0193     		str	r3, [sp, #4]
 145 0044 019B     		ldr	r3, [sp, #4]
 146              	.L16:
 147              	.LBE3:
ARM GAS  /var/folders/2m/zqg86yyd4hbf56w83tkxjpvr0000gn/T//cc95Oh2G.s 			page 7


  90:Src/hw_gpio.c **** 
 148              		.loc 1 90 0 is_stmt 1
 149 0046 1160     		str	r1, [r2]
  92:Src/hw_gpio.c **** }
 150              		.loc 1 92 0
 151 0048 1100     		movs	r1, r2
 152              	.LVL7:
 153 004a FFF7FEFF 		bl	HAL_GPIO_Init
 154              	.LVL8:
  93:Src/hw_gpio.c **** 
 155              		.loc 1 93 0
 156 004e 07B0     		add	sp, sp, #28
 157              		@ sp needed
 158 0050 30BD     		pop	{r4, r5, pc}
 159              	.LVL9:
 160              	.L11:
 161              	.LBB4:
  88:Src/hw_gpio.c **** 
 162              		.loc 1 88 0 discriminator 3
 163 0052 124C     		ldr	r4, .L18+12
 164 0054 E56A     		ldr	r5, [r4, #44]
 165 0056 0223     		movs	r3, #2
 166 0058 1D43     		orrs	r5, r3
 167 005a E562     		str	r5, [r4, #44]
 168 005c E46A     		ldr	r4, [r4, #44]
 169 005e 2340     		ands	r3, r4
 170 0060 0293     		str	r3, [sp, #8]
 171 0062 029B     		ldr	r3, [sp, #8]
 172              	.LBE4:
 173 0064 EFE7     		b	.L16
 174              	.L14:
 175              	.LBB5:
  88:Src/hw_gpio.c **** 
 176              		.loc 1 88 0 is_stmt 0 discriminator 4
 177 0066 0D4C     		ldr	r4, .L18+12
 178 0068 E56A     		ldr	r5, [r4, #44]
 179 006a 0423     		movs	r3, #4
 180 006c 1D43     		orrs	r5, r3
 181 006e E562     		str	r5, [r4, #44]
 182 0070 E46A     		ldr	r4, [r4, #44]
 183 0072 2340     		ands	r3, r4
 184 0074 0393     		str	r3, [sp, #12]
 185 0076 039B     		ldr	r3, [sp, #12]
 186              	.LBE5:
 187 0078 E5E7     		b	.L16
 188              	.L10:
 189              	.LBB6:
  88:Src/hw_gpio.c **** 
 190              		.loc 1 88 0 discriminator 1
 191 007a 084C     		ldr	r4, .L18+12
 192 007c E56A     		ldr	r5, [r4, #44]
 193 007e 8023     		movs	r3, #128
 194 0080 1D43     		orrs	r5, r3
 195 0082 E562     		str	r5, [r4, #44]
 196 0084 E46A     		ldr	r4, [r4, #44]
 197 0086 2340     		ands	r3, r4
 198 0088 0593     		str	r3, [sp, #20]
ARM GAS  /var/folders/2m/zqg86yyd4hbf56w83tkxjpvr0000gn/T//cc95Oh2G.s 			page 8


 199 008a 059B     		ldr	r3, [sp, #20]
 200 008c DBE7     		b	.L16
 201              	.L19:
 202 008e C046     		.align	2
 203              	.L18:
 204 0090 00040050 		.word	1342178304
 205 0094 00080050 		.word	1342179328
 206 0098 000C0050 		.word	1342180352
 207 009c 00100240 		.word	1073876992
 208              	.LBE6:
 209              		.cfi_endproc
 210              	.LFE40:
 212              		.section	.text.HW_GPIO_SetIrq,"ax",%progbits
 213              		.align	1
 214              		.global	HW_GPIO_SetIrq
 215              		.syntax unified
 216              		.code	16
 217              		.thumb_func
 218              		.fpu softvfp
 220              	HW_GPIO_SetIrq:
 221              	.LFB41:
 107:Src/hw_gpio.c ****   IRQn_Type IRQnb;
 222              		.loc 1 107 0 is_stmt 1
 223              		.cfi_startproc
 224              		@ args = 0, pretend = 0, frame = 0
 225              		@ frame_needed = 0, uses_anonymous_args = 0
 226              	.LVL10:
 227 0000 70B5     		push	{r4, r5, r6, lr}
 228              	.LCFI2:
 229              		.cfi_def_cfa_offset 16
 230              		.cfi_offset 4, -16
 231              		.cfi_offset 5, -12
 232              		.cfi_offset 6, -8
 233              		.cfi_offset 14, -4
 234 0002 0C00     		movs	r4, r1
 235 0004 1500     		movs	r5, r2
 236 0006 1E00     		movs	r6, r3
 110:Src/hw_gpio.c ****   
 237              		.loc 1 110 0
 238 0008 0800     		movs	r0, r1
 239              	.LVL11:
 240 000a FFF7FEFF 		bl	HW_GPIO_GetBitPos
 241              	.LVL12:
 112:Src/hw_gpio.c ****   {
 242              		.loc 1 112 0
 243 000e 002E     		cmp	r6, #0
 244 0010 04D1     		bne	.L23
 124:Src/hw_gpio.c ****   }
 245              		.loc 1 124 0
 246 0012 8000     		lsls	r0, r0, #2
 247              	.LVL13:
 248 0014 094B     		ldr	r3, .L24
 249 0016 0022     		movs	r2, #0
 250 0018 C250     		str	r2, [r0, r3]
 251              	.L20:
 126:Src/hw_gpio.c **** 
 252              		.loc 1 126 0
ARM GAS  /var/folders/2m/zqg86yyd4hbf56w83tkxjpvr0000gn/T//cc95Oh2G.s 			page 9


 253              		@ sp needed
 254              	.LVL14:
 255              	.LVL15:
 256 001a 70BD     		pop	{r4, r5, r6, pc}
 257              	.LVL16:
 258              	.L23:
 114:Src/hw_gpio.c **** 
 259              		.loc 1 114 0
 260 001c 8000     		lsls	r0, r0, #2
 261              	.LVL17:
 262 001e 074B     		ldr	r3, .L24
 263 0020 C650     		str	r6, [r0, r3]
 116:Src/hw_gpio.c **** 
 264              		.loc 1 116 0
 265 0022 2000     		movs	r0, r4
 266 0024 FFF7FEFF 		bl	MSP_GetIRQn
 267              	.LVL18:
 268 0028 0400     		movs	r4, r0
 269              	.LVL19:
 118:Src/hw_gpio.c ****     
 270              		.loc 1 118 0
 271 002a 0022     		movs	r2, #0
 272 002c 2900     		movs	r1, r5
 273 002e FFF7FEFF 		bl	HAL_NVIC_SetPriority
 274              	.LVL20:
 120:Src/hw_gpio.c ****   }
 275              		.loc 1 120 0
 276 0032 2000     		movs	r0, r4
 277 0034 FFF7FEFF 		bl	HAL_NVIC_EnableIRQ
 278              	.LVL21:
 279 0038 EFE7     		b	.L20
 280              	.L25:
 281 003a C046     		.align	2
 282              	.L24:
 283 003c 00000000 		.word	.LANCHOR0
 284              		.cfi_endproc
 285              	.LFE41:
 287              		.section	.text.HW_GPIO_IrqHandler,"ax",%progbits
 288              		.align	1
 289              		.global	HW_GPIO_IrqHandler
 290              		.syntax unified
 291              		.code	16
 292              		.thumb_func
 293              		.fpu softvfp
 295              	HW_GPIO_IrqHandler:
 296              	.LFB42:
 137:Src/hw_gpio.c ****   uint32_t BitPos = HW_GPIO_GetBitPos( GPIO_Pin );
 297              		.loc 1 137 0
 298              		.cfi_startproc
 299              		@ args = 0, pretend = 0, frame = 0
 300              		@ frame_needed = 0, uses_anonymous_args = 0
 301              	.LVL22:
 302 0000 10B5     		push	{r4, lr}
 303              	.LCFI3:
 304              		.cfi_def_cfa_offset 8
 305              		.cfi_offset 4, -8
 306              		.cfi_offset 14, -4
ARM GAS  /var/folders/2m/zqg86yyd4hbf56w83tkxjpvr0000gn/T//cc95Oh2G.s 			page 10


 138:Src/hw_gpio.c ****   
 307              		.loc 1 138 0
 308 0002 FFF7FEFF 		bl	HW_GPIO_GetBitPos
 309              	.LVL23:
 140:Src/hw_gpio.c ****   {
 310              		.loc 1 140 0
 311 0006 8000     		lsls	r0, r0, #2
 312              	.LVL24:
 313 0008 024B     		ldr	r3, .L28
 314 000a C358     		ldr	r3, [r0, r3]
 315 000c 002B     		cmp	r3, #0
 316 000e 00D0     		beq	.L26
 142:Src/hw_gpio.c ****   }
 317              		.loc 1 142 0
 318 0010 9847     		blx	r3
 319              	.LVL25:
 320              	.L26:
 144:Src/hw_gpio.c **** 
 321              		.loc 1 144 0
 322              		@ sp needed
 323 0012 10BD     		pop	{r4, pc}
 324              	.L29:
 325              		.align	2
 326              	.L28:
 327 0014 00000000 		.word	.LANCHOR0
 328              		.cfi_endproc
 329              	.LFE42:
 331              		.section	.text.HW_GPIO_Write,"ax",%progbits
 332              		.align	1
 333              		.global	HW_GPIO_Write
 334              		.syntax unified
 335              		.code	16
 336              		.thumb_func
 337              		.fpu softvfp
 339              	HW_GPIO_Write:
 340              	.LFB43:
 156:Src/hw_gpio.c ****   HAL_GPIO_WritePin( GPIOx, GPIO_Pin , (GPIO_PinState) value );
 341              		.loc 1 156 0
 342              		.cfi_startproc
 343              		@ args = 0, pretend = 0, frame = 0
 344              		@ frame_needed = 0, uses_anonymous_args = 0
 345              	.LVL26:
 346 0000 10B5     		push	{r4, lr}
 347              	.LCFI4:
 348              		.cfi_def_cfa_offset 8
 349              		.cfi_offset 4, -8
 350              		.cfi_offset 14, -4
 157:Src/hw_gpio.c **** }
 351              		.loc 1 157 0
 352 0002 D2B2     		uxtb	r2, r2
 353              	.LVL27:
 354 0004 FFF7FEFF 		bl	HAL_GPIO_WritePin
 355              	.LVL28:
 158:Src/hw_gpio.c **** 
 356              		.loc 1 158 0
 357              		@ sp needed
 358 0008 10BD     		pop	{r4, pc}
ARM GAS  /var/folders/2m/zqg86yyd4hbf56w83tkxjpvr0000gn/T//cc95Oh2G.s 			page 11


 359              		.cfi_endproc
 360              	.LFE43:
 362              		.section	.text.HW_GPIO_Read,"ax",%progbits
 363              		.align	1
 364              		.global	HW_GPIO_Read
 365              		.syntax unified
 366              		.code	16
 367              		.thumb_func
 368              		.fpu softvfp
 370              	HW_GPIO_Read:
 371              	.LFB44:
 170:Src/hw_gpio.c ****   return HAL_GPIO_ReadPin( GPIOx, GPIO_Pin);
 372              		.loc 1 170 0
 373              		.cfi_startproc
 374              		@ args = 0, pretend = 0, frame = 0
 375              		@ frame_needed = 0, uses_anonymous_args = 0
 376              	.LVL29:
 377 0000 10B5     		push	{r4, lr}
 378              	.LCFI5:
 379              		.cfi_def_cfa_offset 8
 380              		.cfi_offset 4, -8
 381              		.cfi_offset 14, -4
 171:Src/hw_gpio.c **** }
 382              		.loc 1 171 0
 383 0002 FFF7FEFF 		bl	HAL_GPIO_ReadPin
 384              	.LVL30:
 172:Src/hw_gpio.c **** 
 385              		.loc 1 172 0
 386              		@ sp needed
 387 0006 10BD     		pop	{r4, pc}
 388              		.cfi_endproc
 389              	.LFE44:
 391              		.bss
 392              		.align	2
 393              		.set	.LANCHOR0,. + 0
 396              	GpioIrq:
 397 0000 00000000 		.space	64
 397      00000000 
 397      00000000 
 397      00000000 
 397      00000000 
 398              		.text
 399              	.Letext0:
 400              		.file 2 "/opt/gcc-arm-none-eabi-7-2017-q4-major/arm-none-eabi/include/machine/_default_types.h"
 401              		.file 3 "/opt/gcc-arm-none-eabi-7-2017-q4-major/arm-none-eabi/include/sys/lock.h"
 402              		.file 4 "/opt/gcc-arm-none-eabi-7-2017-q4-major/arm-none-eabi/include/sys/_types.h"
 403              		.file 5 "/opt/gcc-arm-none-eabi-7-2017-q4-major/lib/gcc/arm-none-eabi/7.2.1/include/stddef.h"
 404              		.file 6 "/opt/gcc-arm-none-eabi-7-2017-q4-major/arm-none-eabi/include/sys/reent.h"
 405              		.file 7 "/opt/gcc-arm-none-eabi-7-2017-q4-major/arm-none-eabi/include/math.h"
 406              		.file 8 "/opt/gcc-arm-none-eabi-7-2017-q4-major/arm-none-eabi/include/sys/_stdint.h"
 407              		.file 9 "Drivers/CMSIS/Device/ST/STM32L0xx/Include/stm32l072xx.h"
 408              		.file 10 "Drivers/CMSIS/Device/ST/STM32L0xx/Include/system_stm32l0xx.h"
 409              		.file 11 "Drivers/STM32L0xx_HAL_Driver/Inc/stm32l0xx_hal_gpio.h"
 410              		.file 12 "/opt/gcc-arm-none-eabi-7-2017-q4-major/arm-none-eabi/include/stdlib.h"
 411              		.file 13 "Inc/hw_gpio.h"
 412              		.file 14 "Drivers/STM32L0xx_HAL_Driver/Inc/stm32l0xx_hal_cortex.h"
ARM GAS  /var/folders/2m/zqg86yyd4hbf56w83tkxjpvr0000gn/T//cc95Oh2G.s 			page 12


DEFINED SYMBOLS
                            *ABS*:0000000000000000 hw_gpio.c
/var/folders/2m/zqg86yyd4hbf56w83tkxjpvr0000gn/T//cc95Oh2G.s:16     .text.HW_GPIO_GetBitPos:0000000000000000 $t
/var/folders/2m/zqg86yyd4hbf56w83tkxjpvr0000gn/T//cc95Oh2G.s:22     .text.HW_GPIO_GetBitPos:0000000000000000 HW_GPIO_GetBitPos
/var/folders/2m/zqg86yyd4hbf56w83tkxjpvr0000gn/T//cc95Oh2G.s:75     .text.HW_GPIO_GetBitPos:0000000000000030 $d
/var/folders/2m/zqg86yyd4hbf56w83tkxjpvr0000gn/T//cc95Oh2G.s:82     .text.HW_GPIO_Init:0000000000000000 $t
/var/folders/2m/zqg86yyd4hbf56w83tkxjpvr0000gn/T//cc95Oh2G.s:89     .text.HW_GPIO_Init:0000000000000000 HW_GPIO_Init
/var/folders/2m/zqg86yyd4hbf56w83tkxjpvr0000gn/T//cc95Oh2G.s:204    .text.HW_GPIO_Init:0000000000000090 $d
/var/folders/2m/zqg86yyd4hbf56w83tkxjpvr0000gn/T//cc95Oh2G.s:213    .text.HW_GPIO_SetIrq:0000000000000000 $t
/var/folders/2m/zqg86yyd4hbf56w83tkxjpvr0000gn/T//cc95Oh2G.s:220    .text.HW_GPIO_SetIrq:0000000000000000 HW_GPIO_SetIrq
/var/folders/2m/zqg86yyd4hbf56w83tkxjpvr0000gn/T//cc95Oh2G.s:283    .text.HW_GPIO_SetIrq:000000000000003c $d
/var/folders/2m/zqg86yyd4hbf56w83tkxjpvr0000gn/T//cc95Oh2G.s:288    .text.HW_GPIO_IrqHandler:0000000000000000 $t
/var/folders/2m/zqg86yyd4hbf56w83tkxjpvr0000gn/T//cc95Oh2G.s:295    .text.HW_GPIO_IrqHandler:0000000000000000 HW_GPIO_IrqHandler
/var/folders/2m/zqg86yyd4hbf56w83tkxjpvr0000gn/T//cc95Oh2G.s:327    .text.HW_GPIO_IrqHandler:0000000000000014 $d
/var/folders/2m/zqg86yyd4hbf56w83tkxjpvr0000gn/T//cc95Oh2G.s:332    .text.HW_GPIO_Write:0000000000000000 $t
/var/folders/2m/zqg86yyd4hbf56w83tkxjpvr0000gn/T//cc95Oh2G.s:339    .text.HW_GPIO_Write:0000000000000000 HW_GPIO_Write
/var/folders/2m/zqg86yyd4hbf56w83tkxjpvr0000gn/T//cc95Oh2G.s:363    .text.HW_GPIO_Read:0000000000000000 $t
/var/folders/2m/zqg86yyd4hbf56w83tkxjpvr0000gn/T//cc95Oh2G.s:370    .text.HW_GPIO_Read:0000000000000000 HW_GPIO_Read
/var/folders/2m/zqg86yyd4hbf56w83tkxjpvr0000gn/T//cc95Oh2G.s:392    .bss:0000000000000000 $d
/var/folders/2m/zqg86yyd4hbf56w83tkxjpvr0000gn/T//cc95Oh2G.s:396    .bss:0000000000000000 GpioIrq

UNDEFINED SYMBOLS
HAL_GPIO_Init
MSP_GetIRQn
HAL_NVIC_SetPriority
HAL_NVIC_EnableIRQ
HAL_GPIO_WritePin
HAL_GPIO_ReadPin
