ARM GAS  /var/folders/2m/zqg86yyd4hbf56w83tkxjpvr0000gn/T//ccVz4yTV.s 			page 1


   1              		.cpu cortex-m0plus
   2              		.eabi_attribute 20, 1
   3              		.eabi_attribute 21, 1
   4              		.eabi_attribute 23, 3
   5              		.eabi_attribute 24, 1
   6              		.eabi_attribute 25, 1
   7              		.eabi_attribute 26, 1
   8              		.eabi_attribute 30, 1
   9              		.eabi_attribute 34, 0
  10              		.eabi_attribute 18, 4
  11              		.file	"stm32l0xx_hal.c"
  12              		.text
  13              	.Ltext0:
  14              		.cfi_sections	.debug_frame
  15              		.section	.text.HAL_MspInit,"ax",%progbits
  16              		.align	1
  17              		.weak	HAL_MspInit
  18              		.syntax unified
  19              		.code	16
  20              		.thumb_func
  21              		.fpu softvfp
  23              	HAL_MspInit:
  24              	.LFB41:
  25              		.file 1 "Drivers/STM32L0xx_HAL_Driver/Src/stm32l0xx_hal.c"
   1:Drivers/STM32L0xx_HAL_Driver/Src/stm32l0xx_hal.c **** /**
   2:Drivers/STM32L0xx_HAL_Driver/Src/stm32l0xx_hal.c ****   ******************************************************************************
   3:Drivers/STM32L0xx_HAL_Driver/Src/stm32l0xx_hal.c ****   * @file    stm32l0xx_hal.c
   4:Drivers/STM32L0xx_HAL_Driver/Src/stm32l0xx_hal.c ****   * @author  MCD Application Team
   5:Drivers/STM32L0xx_HAL_Driver/Src/stm32l0xx_hal.c ****   * @version V1.8.1
   6:Drivers/STM32L0xx_HAL_Driver/Src/stm32l0xx_hal.c ****   * @date    14-April-2017
   7:Drivers/STM32L0xx_HAL_Driver/Src/stm32l0xx_hal.c ****   * @brief   HAL module driver.
   8:Drivers/STM32L0xx_HAL_Driver/Src/stm32l0xx_hal.c ****   *          This is the common part of the HAL initialization
   9:Drivers/STM32L0xx_HAL_Driver/Src/stm32l0xx_hal.c ****   *
  10:Drivers/STM32L0xx_HAL_Driver/Src/stm32l0xx_hal.c ****   @verbatim
  11:Drivers/STM32L0xx_HAL_Driver/Src/stm32l0xx_hal.c ****   ==============================================================================
  12:Drivers/STM32L0xx_HAL_Driver/Src/stm32l0xx_hal.c ****                      ##### How to use this driver #####
  13:Drivers/STM32L0xx_HAL_Driver/Src/stm32l0xx_hal.c ****   ==============================================================================
  14:Drivers/STM32L0xx_HAL_Driver/Src/stm32l0xx_hal.c ****     [..]
  15:Drivers/STM32L0xx_HAL_Driver/Src/stm32l0xx_hal.c ****     The common HAL driver contains a set of generic and common APIs that can be
  16:Drivers/STM32L0xx_HAL_Driver/Src/stm32l0xx_hal.c ****     used by the PPP peripheral drivers and the user to start using the HAL. 
  17:Drivers/STM32L0xx_HAL_Driver/Src/stm32l0xx_hal.c ****     [..]
  18:Drivers/STM32L0xx_HAL_Driver/Src/stm32l0xx_hal.c ****     The HAL contains two APIs categories: 
  19:Drivers/STM32L0xx_HAL_Driver/Src/stm32l0xx_hal.c ****          (+) Common HAL APIs
  20:Drivers/STM32L0xx_HAL_Driver/Src/stm32l0xx_hal.c ****          (+) Services HAL APIs
  21:Drivers/STM32L0xx_HAL_Driver/Src/stm32l0xx_hal.c **** 
  22:Drivers/STM32L0xx_HAL_Driver/Src/stm32l0xx_hal.c ****   @endverbatim
  23:Drivers/STM32L0xx_HAL_Driver/Src/stm32l0xx_hal.c ****   ******************************************************************************
  24:Drivers/STM32L0xx_HAL_Driver/Src/stm32l0xx_hal.c ****   * @attention
  25:Drivers/STM32L0xx_HAL_Driver/Src/stm32l0xx_hal.c ****   *
  26:Drivers/STM32L0xx_HAL_Driver/Src/stm32l0xx_hal.c ****   * <h2><center>&copy; COPYRIGHT(c) 2016 STMicroelectronics</center></h2>
  27:Drivers/STM32L0xx_HAL_Driver/Src/stm32l0xx_hal.c ****   *
  28:Drivers/STM32L0xx_HAL_Driver/Src/stm32l0xx_hal.c ****   * Redistribution and use in source and binary forms, with or without modification,
  29:Drivers/STM32L0xx_HAL_Driver/Src/stm32l0xx_hal.c ****   * are permitted provided that the following conditions are met:
  30:Drivers/STM32L0xx_HAL_Driver/Src/stm32l0xx_hal.c ****   *   1. Redistributions of source code must retain the above copyright notice,
  31:Drivers/STM32L0xx_HAL_Driver/Src/stm32l0xx_hal.c ****   *      this list of conditions and the following disclaimer.
  32:Drivers/STM32L0xx_HAL_Driver/Src/stm32l0xx_hal.c ****   *   2. Redistributions in binary form must reproduce the above copyright notice,
  33:Drivers/STM32L0xx_HAL_Driver/Src/stm32l0xx_hal.c ****   *      this list of conditions and the following disclaimer in the documentation
ARM GAS  /var/folders/2m/zqg86yyd4hbf56w83tkxjpvr0000gn/T//ccVz4yTV.s 			page 2


  34:Drivers/STM32L0xx_HAL_Driver/Src/stm32l0xx_hal.c ****   *      and/or other materials provided with the distribution.
  35:Drivers/STM32L0xx_HAL_Driver/Src/stm32l0xx_hal.c ****   *   3. Neither the name of STMicroelectronics nor the names of its contributors
  36:Drivers/STM32L0xx_HAL_Driver/Src/stm32l0xx_hal.c ****   *      may be used to endorse or promote products derived from this software
  37:Drivers/STM32L0xx_HAL_Driver/Src/stm32l0xx_hal.c ****   *      without specific prior written permission.
  38:Drivers/STM32L0xx_HAL_Driver/Src/stm32l0xx_hal.c ****   *
  39:Drivers/STM32L0xx_HAL_Driver/Src/stm32l0xx_hal.c ****   * THIS SOFTWARE IS PROVIDED BY THE COPYRIGHT HOLDERS AND CONTRIBUTORS "AS IS"
  40:Drivers/STM32L0xx_HAL_Driver/Src/stm32l0xx_hal.c ****   * AND ANY EXPRESS OR IMPLIED WARRANTIES, INCLUDING, BUT NOT LIMITED TO, THE
  41:Drivers/STM32L0xx_HAL_Driver/Src/stm32l0xx_hal.c ****   * IMPLIED WARRANTIES OF MERCHANTABILITY AND FITNESS FOR A PARTICULAR PURPOSE ARE
  42:Drivers/STM32L0xx_HAL_Driver/Src/stm32l0xx_hal.c ****   * DISCLAIMED. IN NO EVENT SHALL THE COPYRIGHT HOLDER OR CONTRIBUTORS BE LIABLE
  43:Drivers/STM32L0xx_HAL_Driver/Src/stm32l0xx_hal.c ****   * FOR ANY DIRECT, INDIRECT, INCIDENTAL, SPECIAL, EXEMPLARY, OR CONSEQUENTIAL
  44:Drivers/STM32L0xx_HAL_Driver/Src/stm32l0xx_hal.c ****   * DAMAGES (INCLUDING, BUT NOT LIMITED TO, PROCUREMENT OF SUBSTITUTE GOODS OR
  45:Drivers/STM32L0xx_HAL_Driver/Src/stm32l0xx_hal.c ****   * SERVICES; LOSS OF USE, DATA, OR PROFITS; OR BUSINESS INTERRUPTION) HOWEVER
  46:Drivers/STM32L0xx_HAL_Driver/Src/stm32l0xx_hal.c ****   * CAUSED AND ON ANY THEORY OF LIABILITY, WHETHER IN CONTRACT, STRICT LIABILITY,
  47:Drivers/STM32L0xx_HAL_Driver/Src/stm32l0xx_hal.c ****   * OR TORT (INCLUDING NEGLIGENCE OR OTHERWISE) ARISING IN ANY WAY OUT OF THE USE
  48:Drivers/STM32L0xx_HAL_Driver/Src/stm32l0xx_hal.c ****   * OF THIS SOFTWARE, EVEN IF ADVISED OF THE POSSIBILITY OF SUCH DAMAGE.
  49:Drivers/STM32L0xx_HAL_Driver/Src/stm32l0xx_hal.c ****   *
  50:Drivers/STM32L0xx_HAL_Driver/Src/stm32l0xx_hal.c ****   ******************************************************************************
  51:Drivers/STM32L0xx_HAL_Driver/Src/stm32l0xx_hal.c ****   */
  52:Drivers/STM32L0xx_HAL_Driver/Src/stm32l0xx_hal.c **** 
  53:Drivers/STM32L0xx_HAL_Driver/Src/stm32l0xx_hal.c **** /* Includes ------------------------------------------------------------------*/
  54:Drivers/STM32L0xx_HAL_Driver/Src/stm32l0xx_hal.c **** #include "stm32l0xx_hal.h"
  55:Drivers/STM32L0xx_HAL_Driver/Src/stm32l0xx_hal.c **** 
  56:Drivers/STM32L0xx_HAL_Driver/Src/stm32l0xx_hal.c **** /** @addtogroup STM32L0xx_HAL_Driver
  57:Drivers/STM32L0xx_HAL_Driver/Src/stm32l0xx_hal.c ****   * @{
  58:Drivers/STM32L0xx_HAL_Driver/Src/stm32l0xx_hal.c ****   */
  59:Drivers/STM32L0xx_HAL_Driver/Src/stm32l0xx_hal.c **** 
  60:Drivers/STM32L0xx_HAL_Driver/Src/stm32l0xx_hal.c **** #ifdef HAL_MODULE_ENABLED
  61:Drivers/STM32L0xx_HAL_Driver/Src/stm32l0xx_hal.c **** 
  62:Drivers/STM32L0xx_HAL_Driver/Src/stm32l0xx_hal.c **** /** @addtogroup HAL 
  63:Drivers/STM32L0xx_HAL_Driver/Src/stm32l0xx_hal.c ****   * @brief HAL module driver.
  64:Drivers/STM32L0xx_HAL_Driver/Src/stm32l0xx_hal.c ****   * @{
  65:Drivers/STM32L0xx_HAL_Driver/Src/stm32l0xx_hal.c ****   */
  66:Drivers/STM32L0xx_HAL_Driver/Src/stm32l0xx_hal.c **** 
  67:Drivers/STM32L0xx_HAL_Driver/Src/stm32l0xx_hal.c **** /** @addtogroup HAL_Exported_Constants
  68:Drivers/STM32L0xx_HAL_Driver/Src/stm32l0xx_hal.c ****   * @{
  69:Drivers/STM32L0xx_HAL_Driver/Src/stm32l0xx_hal.c ****   */
  70:Drivers/STM32L0xx_HAL_Driver/Src/stm32l0xx_hal.c **** 
  71:Drivers/STM32L0xx_HAL_Driver/Src/stm32l0xx_hal.c **** 
  72:Drivers/STM32L0xx_HAL_Driver/Src/stm32l0xx_hal.c **** /** @defgroup SysTick System Tick
  73:Drivers/STM32L0xx_HAL_Driver/Src/stm32l0xx_hal.c ****   * @{
  74:Drivers/STM32L0xx_HAL_Driver/Src/stm32l0xx_hal.c ****   */
  75:Drivers/STM32L0xx_HAL_Driver/Src/stm32l0xx_hal.c **** /**
  76:Drivers/STM32L0xx_HAL_Driver/Src/stm32l0xx_hal.c ****  * @brief uwTick_variable uwTick variable
  77:Drivers/STM32L0xx_HAL_Driver/Src/stm32l0xx_hal.c ****  */
  78:Drivers/STM32L0xx_HAL_Driver/Src/stm32l0xx_hal.c **** __IO uint32_t uwTick;
  79:Drivers/STM32L0xx_HAL_Driver/Src/stm32l0xx_hal.c **** 
  80:Drivers/STM32L0xx_HAL_Driver/Src/stm32l0xx_hal.c **** /**
  81:Drivers/STM32L0xx_HAL_Driver/Src/stm32l0xx_hal.c ****   * @}
  82:Drivers/STM32L0xx_HAL_Driver/Src/stm32l0xx_hal.c ****   */
  83:Drivers/STM32L0xx_HAL_Driver/Src/stm32l0xx_hal.c **** 
  84:Drivers/STM32L0xx_HAL_Driver/Src/stm32l0xx_hal.c **** /** @defgroup HAL_Version HAL Version
  85:Drivers/STM32L0xx_HAL_Driver/Src/stm32l0xx_hal.c ****   * @{
  86:Drivers/STM32L0xx_HAL_Driver/Src/stm32l0xx_hal.c ****   */
  87:Drivers/STM32L0xx_HAL_Driver/Src/stm32l0xx_hal.c **** 
  88:Drivers/STM32L0xx_HAL_Driver/Src/stm32l0xx_hal.c **** /**
  89:Drivers/STM32L0xx_HAL_Driver/Src/stm32l0xx_hal.c ****  * @brief STM32L0xx HAL Driver version number V1.8.1
  90:Drivers/STM32L0xx_HAL_Driver/Src/stm32l0xx_hal.c ****  */
ARM GAS  /var/folders/2m/zqg86yyd4hbf56w83tkxjpvr0000gn/T//ccVz4yTV.s 			page 3


  91:Drivers/STM32L0xx_HAL_Driver/Src/stm32l0xx_hal.c **** #define __STM32L0xx_HAL_VERSION_MAIN   (0x01U) /*!< [31:24] main version */
  92:Drivers/STM32L0xx_HAL_Driver/Src/stm32l0xx_hal.c **** #define __STM32L0xx_HAL_VERSION_SUB1   (0x08U) /*!< [23:16] sub1 version */
  93:Drivers/STM32L0xx_HAL_Driver/Src/stm32l0xx_hal.c **** #define __STM32L0xx_HAL_VERSION_SUB2   (0x01U) /*!< [15:8]  sub2 version */
  94:Drivers/STM32L0xx_HAL_Driver/Src/stm32l0xx_hal.c **** #define __STM32L0xx_HAL_VERSION_RC     (0x00U) /*!< [7:0]  release candidate */
  95:Drivers/STM32L0xx_HAL_Driver/Src/stm32l0xx_hal.c **** #define __STM32L0xx_HAL_VERSION         ((__STM32L0xx_HAL_VERSION_MAIN << 24U)\
  96:Drivers/STM32L0xx_HAL_Driver/Src/stm32l0xx_hal.c ****                                         |(__STM32L0xx_HAL_VERSION_SUB1 << 16U)\
  97:Drivers/STM32L0xx_HAL_Driver/Src/stm32l0xx_hal.c ****                                         |(__STM32L0xx_HAL_VERSION_SUB2 << 8U )\
  98:Drivers/STM32L0xx_HAL_Driver/Src/stm32l0xx_hal.c ****                                         |(__STM32L0xx_HAL_VERSION_RC))
  99:Drivers/STM32L0xx_HAL_Driver/Src/stm32l0xx_hal.c **** 
 100:Drivers/STM32L0xx_HAL_Driver/Src/stm32l0xx_hal.c **** #define IDCODE_DEVID_MASK    ((uint32_t)0x00000FFFU)
 101:Drivers/STM32L0xx_HAL_Driver/Src/stm32l0xx_hal.c **** 
 102:Drivers/STM32L0xx_HAL_Driver/Src/stm32l0xx_hal.c **** /**
 103:Drivers/STM32L0xx_HAL_Driver/Src/stm32l0xx_hal.c ****   * @}
 104:Drivers/STM32L0xx_HAL_Driver/Src/stm32l0xx_hal.c ****   */ 
 105:Drivers/STM32L0xx_HAL_Driver/Src/stm32l0xx_hal.c ****   
 106:Drivers/STM32L0xx_HAL_Driver/Src/stm32l0xx_hal.c **** /**
 107:Drivers/STM32L0xx_HAL_Driver/Src/stm32l0xx_hal.c ****   * @}
 108:Drivers/STM32L0xx_HAL_Driver/Src/stm32l0xx_hal.c ****   */
 109:Drivers/STM32L0xx_HAL_Driver/Src/stm32l0xx_hal.c **** /** @defgroup HAL_Private HAL Private
 110:Drivers/STM32L0xx_HAL_Driver/Src/stm32l0xx_hal.c ****   * @{
 111:Drivers/STM32L0xx_HAL_Driver/Src/stm32l0xx_hal.c ****   */ 
 112:Drivers/STM32L0xx_HAL_Driver/Src/stm32l0xx_hal.c **** 
 113:Drivers/STM32L0xx_HAL_Driver/Src/stm32l0xx_hal.c **** 
 114:Drivers/STM32L0xx_HAL_Driver/Src/stm32l0xx_hal.c **** /**
 115:Drivers/STM32L0xx_HAL_Driver/Src/stm32l0xx_hal.c ****   * @}
 116:Drivers/STM32L0xx_HAL_Driver/Src/stm32l0xx_hal.c ****   */ 
 117:Drivers/STM32L0xx_HAL_Driver/Src/stm32l0xx_hal.c **** 
 118:Drivers/STM32L0xx_HAL_Driver/Src/stm32l0xx_hal.c **** /** @addtogroup HAL_Exported_Functions HAL Exported Functions
 119:Drivers/STM32L0xx_HAL_Driver/Src/stm32l0xx_hal.c ****   * @{
 120:Drivers/STM32L0xx_HAL_Driver/Src/stm32l0xx_hal.c ****   */
 121:Drivers/STM32L0xx_HAL_Driver/Src/stm32l0xx_hal.c **** 
 122:Drivers/STM32L0xx_HAL_Driver/Src/stm32l0xx_hal.c **** /** @addtogroup HAL_Exported_Functions_Group1
 123:Drivers/STM32L0xx_HAL_Driver/Src/stm32l0xx_hal.c ****  *  @brief    Initialization and de-initialization functions
 124:Drivers/STM32L0xx_HAL_Driver/Src/stm32l0xx_hal.c ****  *
 125:Drivers/STM32L0xx_HAL_Driver/Src/stm32l0xx_hal.c **** @verbatim
 126:Drivers/STM32L0xx_HAL_Driver/Src/stm32l0xx_hal.c ****  ===============================================================================
 127:Drivers/STM32L0xx_HAL_Driver/Src/stm32l0xx_hal.c ****               ##### Initialization and de-initialization functions #####
 128:Drivers/STM32L0xx_HAL_Driver/Src/stm32l0xx_hal.c ****  ===============================================================================
 129:Drivers/STM32L0xx_HAL_Driver/Src/stm32l0xx_hal.c ****    [..]  This section provides functions allowing to:
 130:Drivers/STM32L0xx_HAL_Driver/Src/stm32l0xx_hal.c ****       (+) Initializes the Flash interface, the NVIC allocation and initial clock 
 131:Drivers/STM32L0xx_HAL_Driver/Src/stm32l0xx_hal.c ****           configuration. It initializes the source of time base also when timeout 
 132:Drivers/STM32L0xx_HAL_Driver/Src/stm32l0xx_hal.c ****           is needed and the backup domain when enabled.
 133:Drivers/STM32L0xx_HAL_Driver/Src/stm32l0xx_hal.c ****       (+) de-Initializes common part of the HAL.
 134:Drivers/STM32L0xx_HAL_Driver/Src/stm32l0xx_hal.c ****       (+) Configure The time base source to have 1ms time base with a dedicated 
 135:Drivers/STM32L0xx_HAL_Driver/Src/stm32l0xx_hal.c ****           Tick interrupt priority. 
 136:Drivers/STM32L0xx_HAL_Driver/Src/stm32l0xx_hal.c ****         (++) Systick timer is used by default as source of time base, but user 
 137:Drivers/STM32L0xx_HAL_Driver/Src/stm32l0xx_hal.c ****              can eventually implement his proper time base source (a general purpose 
 138:Drivers/STM32L0xx_HAL_Driver/Src/stm32l0xx_hal.c ****              timer for example or other time source), keeping in mind that Time base 
 139:Drivers/STM32L0xx_HAL_Driver/Src/stm32l0xx_hal.c ****              duration should be kept 1ms since PPP_TIMEOUT_VALUEs are defined and 
 140:Drivers/STM32L0xx_HAL_Driver/Src/stm32l0xx_hal.c ****              handled in milliseconds basis.
 141:Drivers/STM32L0xx_HAL_Driver/Src/stm32l0xx_hal.c ****         (++) Time base configuration function (HAL_InitTick ()) is called automatically 
 142:Drivers/STM32L0xx_HAL_Driver/Src/stm32l0xx_hal.c ****              at the beginning of the program after reset by HAL_Init() or at any time 
 143:Drivers/STM32L0xx_HAL_Driver/Src/stm32l0xx_hal.c ****              when clock is configured, by HAL_RCC_ClockConfig(). 
 144:Drivers/STM32L0xx_HAL_Driver/Src/stm32l0xx_hal.c ****         (++) Source of time base is configured  to generate interrupts at regular 
 145:Drivers/STM32L0xx_HAL_Driver/Src/stm32l0xx_hal.c ****              time intervals. Care must be taken if HAL_Delay() is called from a 
 146:Drivers/STM32L0xx_HAL_Driver/Src/stm32l0xx_hal.c ****              peripheral ISR process, the Tick interrupt line must have higher priority 
 147:Drivers/STM32L0xx_HAL_Driver/Src/stm32l0xx_hal.c ****             (numerically lower) than the peripheral interrupt. Otherwise the caller 
ARM GAS  /var/folders/2m/zqg86yyd4hbf56w83tkxjpvr0000gn/T//ccVz4yTV.s 			page 4


 148:Drivers/STM32L0xx_HAL_Driver/Src/stm32l0xx_hal.c ****             ISR process will be blocked. 
 149:Drivers/STM32L0xx_HAL_Driver/Src/stm32l0xx_hal.c ****        (++) functions affecting time base configurations are declared as __weak  
 150:Drivers/STM32L0xx_HAL_Driver/Src/stm32l0xx_hal.c ****              to make  override possible  in case of other  implementations in user file.
 151:Drivers/STM32L0xx_HAL_Driver/Src/stm32l0xx_hal.c ****  
 152:Drivers/STM32L0xx_HAL_Driver/Src/stm32l0xx_hal.c **** @endverbatim
 153:Drivers/STM32L0xx_HAL_Driver/Src/stm32l0xx_hal.c ****   * @{
 154:Drivers/STM32L0xx_HAL_Driver/Src/stm32l0xx_hal.c ****   */
 155:Drivers/STM32L0xx_HAL_Driver/Src/stm32l0xx_hal.c **** 
 156:Drivers/STM32L0xx_HAL_Driver/Src/stm32l0xx_hal.c **** /**
 157:Drivers/STM32L0xx_HAL_Driver/Src/stm32l0xx_hal.c ****   * @brief This function configures the Flash prefetch, Flash preread and Buffer cache,
 158:Drivers/STM32L0xx_HAL_Driver/Src/stm32l0xx_hal.c ****   *        Configures time base source, NVIC and Low level hardware
 159:Drivers/STM32L0xx_HAL_Driver/Src/stm32l0xx_hal.c ****   * @note This function is called at the beginning of program after reset and before 
 160:Drivers/STM32L0xx_HAL_Driver/Src/stm32l0xx_hal.c ****   *       the clock configuration
 161:Drivers/STM32L0xx_HAL_Driver/Src/stm32l0xx_hal.c ****   * @note The time base configuration is based on MSI clock when exiting from Reset.
 162:Drivers/STM32L0xx_HAL_Driver/Src/stm32l0xx_hal.c ****   *       Once done, time base tick start incrementing.
 163:Drivers/STM32L0xx_HAL_Driver/Src/stm32l0xx_hal.c ****   *        In the default implementation,Systick is used as source of time base.
 164:Drivers/STM32L0xx_HAL_Driver/Src/stm32l0xx_hal.c ****   *        the tick variable is incremented each 1ms in its ISR.
 165:Drivers/STM32L0xx_HAL_Driver/Src/stm32l0xx_hal.c ****   * @retval HAL status
 166:Drivers/STM32L0xx_HAL_Driver/Src/stm32l0xx_hal.c ****   */
 167:Drivers/STM32L0xx_HAL_Driver/Src/stm32l0xx_hal.c **** HAL_StatusTypeDef HAL_Init(void)
 168:Drivers/STM32L0xx_HAL_Driver/Src/stm32l0xx_hal.c **** {
 169:Drivers/STM32L0xx_HAL_Driver/Src/stm32l0xx_hal.c ****   /* Configure Buffer cache, Flash prefetch,  Flash preread */ 
 170:Drivers/STM32L0xx_HAL_Driver/Src/stm32l0xx_hal.c **** #if (BUFFER_CACHE_DISABLE != 0)
 171:Drivers/STM32L0xx_HAL_Driver/Src/stm32l0xx_hal.c ****   __HAL_FLASH_BUFFER_CACHE_DISABLE();
 172:Drivers/STM32L0xx_HAL_Driver/Src/stm32l0xx_hal.c **** #endif /* BUFFER_CACHE_DISABLE */
 173:Drivers/STM32L0xx_HAL_Driver/Src/stm32l0xx_hal.c **** 
 174:Drivers/STM32L0xx_HAL_Driver/Src/stm32l0xx_hal.c **** #if (PREREAD_ENABLE != 0)
 175:Drivers/STM32L0xx_HAL_Driver/Src/stm32l0xx_hal.c ****   __HAL_FLASH_PREREAD_BUFFER_ENABLE();
 176:Drivers/STM32L0xx_HAL_Driver/Src/stm32l0xx_hal.c **** #endif /* PREREAD_ENABLE */
 177:Drivers/STM32L0xx_HAL_Driver/Src/stm32l0xx_hal.c **** 
 178:Drivers/STM32L0xx_HAL_Driver/Src/stm32l0xx_hal.c **** #if (PREFETCH_ENABLE != 0)
 179:Drivers/STM32L0xx_HAL_Driver/Src/stm32l0xx_hal.c ****   __HAL_FLASH_PREFETCH_BUFFER_ENABLE();
 180:Drivers/STM32L0xx_HAL_Driver/Src/stm32l0xx_hal.c **** #endif /* PREFETCH_ENABLE */
 181:Drivers/STM32L0xx_HAL_Driver/Src/stm32l0xx_hal.c **** 
 182:Drivers/STM32L0xx_HAL_Driver/Src/stm32l0xx_hal.c ****   /* Use systick as time base source and configure 1ms tick (default clock after Reset is MSI) */
 183:Drivers/STM32L0xx_HAL_Driver/Src/stm32l0xx_hal.c **** 
 184:Drivers/STM32L0xx_HAL_Driver/Src/stm32l0xx_hal.c ****   HAL_InitTick(TICK_INT_PRIORITY);
 185:Drivers/STM32L0xx_HAL_Driver/Src/stm32l0xx_hal.c **** 
 186:Drivers/STM32L0xx_HAL_Driver/Src/stm32l0xx_hal.c ****   /* Init the low level hardware */
 187:Drivers/STM32L0xx_HAL_Driver/Src/stm32l0xx_hal.c ****   HAL_MspInit();
 188:Drivers/STM32L0xx_HAL_Driver/Src/stm32l0xx_hal.c **** 
 189:Drivers/STM32L0xx_HAL_Driver/Src/stm32l0xx_hal.c ****   /* Return function status */
 190:Drivers/STM32L0xx_HAL_Driver/Src/stm32l0xx_hal.c ****   return HAL_OK;
 191:Drivers/STM32L0xx_HAL_Driver/Src/stm32l0xx_hal.c **** }
 192:Drivers/STM32L0xx_HAL_Driver/Src/stm32l0xx_hal.c **** 
 193:Drivers/STM32L0xx_HAL_Driver/Src/stm32l0xx_hal.c **** /**
 194:Drivers/STM32L0xx_HAL_Driver/Src/stm32l0xx_hal.c ****   * @brief This function de-Initializes common part of the HAL and stops the source
 195:Drivers/STM32L0xx_HAL_Driver/Src/stm32l0xx_hal.c ****   *        of time base.
 196:Drivers/STM32L0xx_HAL_Driver/Src/stm32l0xx_hal.c ****   * @note This function is optional.
 197:Drivers/STM32L0xx_HAL_Driver/Src/stm32l0xx_hal.c ****   * @retval HAL status
 198:Drivers/STM32L0xx_HAL_Driver/Src/stm32l0xx_hal.c ****   */
 199:Drivers/STM32L0xx_HAL_Driver/Src/stm32l0xx_hal.c **** HAL_StatusTypeDef HAL_DeInit(void)
 200:Drivers/STM32L0xx_HAL_Driver/Src/stm32l0xx_hal.c **** {
 201:Drivers/STM32L0xx_HAL_Driver/Src/stm32l0xx_hal.c ****   /* Reset of all peripherals */
 202:Drivers/STM32L0xx_HAL_Driver/Src/stm32l0xx_hal.c ****   __HAL_RCC_APB1_FORCE_RESET();
 203:Drivers/STM32L0xx_HAL_Driver/Src/stm32l0xx_hal.c ****   __HAL_RCC_APB1_RELEASE_RESET();
 204:Drivers/STM32L0xx_HAL_Driver/Src/stm32l0xx_hal.c **** 
ARM GAS  /var/folders/2m/zqg86yyd4hbf56w83tkxjpvr0000gn/T//ccVz4yTV.s 			page 5


 205:Drivers/STM32L0xx_HAL_Driver/Src/stm32l0xx_hal.c ****   __HAL_RCC_APB2_FORCE_RESET();
 206:Drivers/STM32L0xx_HAL_Driver/Src/stm32l0xx_hal.c ****   __HAL_RCC_APB2_RELEASE_RESET();
 207:Drivers/STM32L0xx_HAL_Driver/Src/stm32l0xx_hal.c **** 
 208:Drivers/STM32L0xx_HAL_Driver/Src/stm32l0xx_hal.c ****   __HAL_RCC_AHB_FORCE_RESET();
 209:Drivers/STM32L0xx_HAL_Driver/Src/stm32l0xx_hal.c ****   __HAL_RCC_AHB_RELEASE_RESET();
 210:Drivers/STM32L0xx_HAL_Driver/Src/stm32l0xx_hal.c **** 
 211:Drivers/STM32L0xx_HAL_Driver/Src/stm32l0xx_hal.c ****   __HAL_RCC_IOP_FORCE_RESET();
 212:Drivers/STM32L0xx_HAL_Driver/Src/stm32l0xx_hal.c ****   __HAL_RCC_IOP_RELEASE_RESET();
 213:Drivers/STM32L0xx_HAL_Driver/Src/stm32l0xx_hal.c **** 
 214:Drivers/STM32L0xx_HAL_Driver/Src/stm32l0xx_hal.c ****   /* De-Init the low level hardware */
 215:Drivers/STM32L0xx_HAL_Driver/Src/stm32l0xx_hal.c ****   HAL_MspDeInit();
 216:Drivers/STM32L0xx_HAL_Driver/Src/stm32l0xx_hal.c ****     
 217:Drivers/STM32L0xx_HAL_Driver/Src/stm32l0xx_hal.c ****   /* Return function status */
 218:Drivers/STM32L0xx_HAL_Driver/Src/stm32l0xx_hal.c ****   return HAL_OK;
 219:Drivers/STM32L0xx_HAL_Driver/Src/stm32l0xx_hal.c **** }
 220:Drivers/STM32L0xx_HAL_Driver/Src/stm32l0xx_hal.c **** 
 221:Drivers/STM32L0xx_HAL_Driver/Src/stm32l0xx_hal.c **** /**
 222:Drivers/STM32L0xx_HAL_Driver/Src/stm32l0xx_hal.c ****   * @brief  Initializes the MSP.
 223:Drivers/STM32L0xx_HAL_Driver/Src/stm32l0xx_hal.c ****   * @retval None
 224:Drivers/STM32L0xx_HAL_Driver/Src/stm32l0xx_hal.c ****   */
 225:Drivers/STM32L0xx_HAL_Driver/Src/stm32l0xx_hal.c **** __weak void HAL_MspInit(void)
 226:Drivers/STM32L0xx_HAL_Driver/Src/stm32l0xx_hal.c **** {
  26              		.loc 1 226 0
  27              		.cfi_startproc
  28              		@ args = 0, pretend = 0, frame = 0
  29              		@ frame_needed = 0, uses_anonymous_args = 0
  30              		@ link register save eliminated.
 227:Drivers/STM32L0xx_HAL_Driver/Src/stm32l0xx_hal.c ****   /* NOTE : This function Should not be modified, when the callback is needed,
 228:Drivers/STM32L0xx_HAL_Driver/Src/stm32l0xx_hal.c ****             the HAL_MspInit could be implemented in the user file
 229:Drivers/STM32L0xx_HAL_Driver/Src/stm32l0xx_hal.c ****    */
 230:Drivers/STM32L0xx_HAL_Driver/Src/stm32l0xx_hal.c **** }
  31              		.loc 1 230 0
  32              		@ sp needed
  33 0000 7047     		bx	lr
  34              		.cfi_endproc
  35              	.LFE41:
  37              		.section	.text.HAL_MspDeInit,"ax",%progbits
  38              		.align	1
  39              		.weak	HAL_MspDeInit
  40              		.syntax unified
  41              		.code	16
  42              		.thumb_func
  43              		.fpu softvfp
  45              	HAL_MspDeInit:
  46              	.LFB42:
 231:Drivers/STM32L0xx_HAL_Driver/Src/stm32l0xx_hal.c **** 
 232:Drivers/STM32L0xx_HAL_Driver/Src/stm32l0xx_hal.c **** /**
 233:Drivers/STM32L0xx_HAL_Driver/Src/stm32l0xx_hal.c ****   * @brief  DeInitializes the MSP.
 234:Drivers/STM32L0xx_HAL_Driver/Src/stm32l0xx_hal.c ****   * @retval None
 235:Drivers/STM32L0xx_HAL_Driver/Src/stm32l0xx_hal.c ****   */
 236:Drivers/STM32L0xx_HAL_Driver/Src/stm32l0xx_hal.c **** __weak void HAL_MspDeInit(void)
 237:Drivers/STM32L0xx_HAL_Driver/Src/stm32l0xx_hal.c **** {
  47              		.loc 1 237 0
  48              		.cfi_startproc
  49              		@ args = 0, pretend = 0, frame = 0
  50              		@ frame_needed = 0, uses_anonymous_args = 0
  51              		@ link register save eliminated.
ARM GAS  /var/folders/2m/zqg86yyd4hbf56w83tkxjpvr0000gn/T//ccVz4yTV.s 			page 6


 238:Drivers/STM32L0xx_HAL_Driver/Src/stm32l0xx_hal.c ****   /* NOTE : This function Should not be modified, when the callback is needed,
 239:Drivers/STM32L0xx_HAL_Driver/Src/stm32l0xx_hal.c ****             the HAL_MspDeInit could be implemented in the user file
 240:Drivers/STM32L0xx_HAL_Driver/Src/stm32l0xx_hal.c ****    */
 241:Drivers/STM32L0xx_HAL_Driver/Src/stm32l0xx_hal.c **** }
  52              		.loc 1 241 0
  53              		@ sp needed
  54 0000 7047     		bx	lr
  55              		.cfi_endproc
  56              	.LFE42:
  58              		.section	.text.HAL_DeInit,"ax",%progbits
  59              		.align	1
  60              		.global	HAL_DeInit
  61              		.syntax unified
  62              		.code	16
  63              		.thumb_func
  64              		.fpu softvfp
  66              	HAL_DeInit:
  67              	.LFB40:
 200:Drivers/STM32L0xx_HAL_Driver/Src/stm32l0xx_hal.c ****   /* Reset of all peripherals */
  68              		.loc 1 200 0
  69              		.cfi_startproc
  70              		@ args = 0, pretend = 0, frame = 0
  71              		@ frame_needed = 0, uses_anonymous_args = 0
  72 0000 10B5     		push	{r4, lr}
  73              	.LCFI0:
  74              		.cfi_def_cfa_offset 8
  75              		.cfi_offset 4, -8
  76              		.cfi_offset 14, -4
 202:Drivers/STM32L0xx_HAL_Driver/Src/stm32l0xx_hal.c ****   __HAL_RCC_APB1_RELEASE_RESET();
  77              		.loc 1 202 0
  78 0002 084B     		ldr	r3, .L4
  79 0004 0121     		movs	r1, #1
  80 0006 4942     		rsbs	r1, r1, #0
  81 0008 9962     		str	r1, [r3, #40]
 203:Drivers/STM32L0xx_HAL_Driver/Src/stm32l0xx_hal.c **** 
  82              		.loc 1 203 0
  83 000a 0022     		movs	r2, #0
  84 000c 9A62     		str	r2, [r3, #40]
 205:Drivers/STM32L0xx_HAL_Driver/Src/stm32l0xx_hal.c ****   __HAL_RCC_APB2_RELEASE_RESET();
  85              		.loc 1 205 0
  86 000e 5962     		str	r1, [r3, #36]
 206:Drivers/STM32L0xx_HAL_Driver/Src/stm32l0xx_hal.c **** 
  87              		.loc 1 206 0
  88 0010 5A62     		str	r2, [r3, #36]
 208:Drivers/STM32L0xx_HAL_Driver/Src/stm32l0xx_hal.c ****   __HAL_RCC_AHB_RELEASE_RESET();
  89              		.loc 1 208 0
  90 0012 1962     		str	r1, [r3, #32]
 209:Drivers/STM32L0xx_HAL_Driver/Src/stm32l0xx_hal.c **** 
  91              		.loc 1 209 0
  92 0014 1A62     		str	r2, [r3, #32]
 211:Drivers/STM32L0xx_HAL_Driver/Src/stm32l0xx_hal.c ****   __HAL_RCC_IOP_RELEASE_RESET();
  93              		.loc 1 211 0
  94 0016 D961     		str	r1, [r3, #28]
 212:Drivers/STM32L0xx_HAL_Driver/Src/stm32l0xx_hal.c **** 
  95              		.loc 1 212 0
  96 0018 DA61     		str	r2, [r3, #28]
 215:Drivers/STM32L0xx_HAL_Driver/Src/stm32l0xx_hal.c ****     
ARM GAS  /var/folders/2m/zqg86yyd4hbf56w83tkxjpvr0000gn/T//ccVz4yTV.s 			page 7


  97              		.loc 1 215 0
  98 001a FFF7FEFF 		bl	HAL_MspDeInit
  99              	.LVL0:
 219:Drivers/STM32L0xx_HAL_Driver/Src/stm32l0xx_hal.c **** 
 100              		.loc 1 219 0
 101 001e 0020     		movs	r0, #0
 102              		@ sp needed
 103 0020 10BD     		pop	{r4, pc}
 104              	.L5:
 105 0022 C046     		.align	2
 106              	.L4:
 107 0024 00100240 		.word	1073876992
 108              		.cfi_endproc
 109              	.LFE40:
 111              		.global	__aeabi_uidiv
 112              		.section	.text.HAL_InitTick,"ax",%progbits
 113              		.align	1
 114              		.weak	HAL_InitTick
 115              		.syntax unified
 116              		.code	16
 117              		.thumb_func
 118              		.fpu softvfp
 120              	HAL_InitTick:
 121              	.LFB43:
 242:Drivers/STM32L0xx_HAL_Driver/Src/stm32l0xx_hal.c **** 
 243:Drivers/STM32L0xx_HAL_Driver/Src/stm32l0xx_hal.c **** 
 244:Drivers/STM32L0xx_HAL_Driver/Src/stm32l0xx_hal.c **** /**
 245:Drivers/STM32L0xx_HAL_Driver/Src/stm32l0xx_hal.c ****   * @brief This function configures the source of the time base. 
 246:Drivers/STM32L0xx_HAL_Driver/Src/stm32l0xx_hal.c ****   *        The time source is configured  to have 1ms time base with a dedicated 
 247:Drivers/STM32L0xx_HAL_Driver/Src/stm32l0xx_hal.c ****   *        Tick interrupt priority.
 248:Drivers/STM32L0xx_HAL_Driver/Src/stm32l0xx_hal.c ****   * @note This function is called  automatically at the beginning of program after
 249:Drivers/STM32L0xx_HAL_Driver/Src/stm32l0xx_hal.c ****   *       reset by HAL_Init() or at any time when clock is reconfigured  by HAL_RCC_ClockConfig(). 
 250:Drivers/STM32L0xx_HAL_Driver/Src/stm32l0xx_hal.c ****   * @note In the default implementation, SysTick timer is the source of time base. 
 251:Drivers/STM32L0xx_HAL_Driver/Src/stm32l0xx_hal.c ****   *       It is used to generate interrupts at regular time intervals. 
 252:Drivers/STM32L0xx_HAL_Driver/Src/stm32l0xx_hal.c ****   *       Care must be taken if HAL_Delay() is called from a peripheral ISR process, 
 253:Drivers/STM32L0xx_HAL_Driver/Src/stm32l0xx_hal.c ****   *       The the SysTick interrupt must have higher priority (numerically lower) 
 254:Drivers/STM32L0xx_HAL_Driver/Src/stm32l0xx_hal.c ****   *       than the peripheral interrupt. Otherwise the caller ISR process will be blocked.
 255:Drivers/STM32L0xx_HAL_Driver/Src/stm32l0xx_hal.c ****   *       The function is declared as __Weak  to be overwritten  in case of other
 256:Drivers/STM32L0xx_HAL_Driver/Src/stm32l0xx_hal.c ****   *       implementation  in user file.
 257:Drivers/STM32L0xx_HAL_Driver/Src/stm32l0xx_hal.c ****   * @param TickPriority: Tick interrupt priority.
 258:Drivers/STM32L0xx_HAL_Driver/Src/stm32l0xx_hal.c ****   * @retval HAL status
 259:Drivers/STM32L0xx_HAL_Driver/Src/stm32l0xx_hal.c ****   */
 260:Drivers/STM32L0xx_HAL_Driver/Src/stm32l0xx_hal.c **** __weak HAL_StatusTypeDef HAL_InitTick(uint32_t TickPriority)
 261:Drivers/STM32L0xx_HAL_Driver/Src/stm32l0xx_hal.c **** {
 122              		.loc 1 261 0
 123              		.cfi_startproc
 124              		@ args = 0, pretend = 0, frame = 0
 125              		@ frame_needed = 0, uses_anonymous_args = 0
 126              	.LVL1:
 127 0000 10B5     		push	{r4, lr}
 128              	.LCFI1:
 129              		.cfi_def_cfa_offset 8
 130              		.cfi_offset 4, -8
 131              		.cfi_offset 14, -4
 132 0002 0400     		movs	r4, r0
 262:Drivers/STM32L0xx_HAL_Driver/Src/stm32l0xx_hal.c ****   /*Configure the SysTick to have interrupt in 1ms time basis*/
 263:Drivers/STM32L0xx_HAL_Driver/Src/stm32l0xx_hal.c ****   HAL_SYSTICK_Config(SystemCoreClock/1000U);
ARM GAS  /var/folders/2m/zqg86yyd4hbf56w83tkxjpvr0000gn/T//ccVz4yTV.s 			page 8


 133              		.loc 1 263 0
 134 0004 074B     		ldr	r3, .L7
 135 0006 1868     		ldr	r0, [r3]
 136              	.LVL2:
 137 0008 FA21     		movs	r1, #250
 138 000a 8900     		lsls	r1, r1, #2
 139 000c FFF7FEFF 		bl	__aeabi_uidiv
 140              	.LVL3:
 141 0010 FFF7FEFF 		bl	HAL_SYSTICK_Config
 142              	.LVL4:
 264:Drivers/STM32L0xx_HAL_Driver/Src/stm32l0xx_hal.c **** 
 265:Drivers/STM32L0xx_HAL_Driver/Src/stm32l0xx_hal.c ****   /*Configure the SysTick IRQ priority */
 266:Drivers/STM32L0xx_HAL_Driver/Src/stm32l0xx_hal.c ****   HAL_NVIC_SetPriority(SysTick_IRQn, TickPriority ,0U);
 143              		.loc 1 266 0
 144 0014 0120     		movs	r0, #1
 145 0016 0022     		movs	r2, #0
 146 0018 2100     		movs	r1, r4
 147 001a 4042     		rsbs	r0, r0, #0
 148 001c FFF7FEFF 		bl	HAL_NVIC_SetPriority
 149              	.LVL5:
 267:Drivers/STM32L0xx_HAL_Driver/Src/stm32l0xx_hal.c **** 
 268:Drivers/STM32L0xx_HAL_Driver/Src/stm32l0xx_hal.c ****    /* Return function status */
 269:Drivers/STM32L0xx_HAL_Driver/Src/stm32l0xx_hal.c ****   return HAL_OK;
 270:Drivers/STM32L0xx_HAL_Driver/Src/stm32l0xx_hal.c **** }
 150              		.loc 1 270 0
 151 0020 0020     		movs	r0, #0
 152              		@ sp needed
 153              	.LVL6:
 154 0022 10BD     		pop	{r4, pc}
 155              	.L8:
 156              		.align	2
 157              	.L7:
 158 0024 00000000 		.word	SystemCoreClock
 159              		.cfi_endproc
 160              	.LFE43:
 162              		.section	.text.HAL_Init,"ax",%progbits
 163              		.align	1
 164              		.global	HAL_Init
 165              		.syntax unified
 166              		.code	16
 167              		.thumb_func
 168              		.fpu softvfp
 170              	HAL_Init:
 171              	.LFB39:
 168:Drivers/STM32L0xx_HAL_Driver/Src/stm32l0xx_hal.c ****   /* Configure Buffer cache, Flash prefetch,  Flash preread */ 
 172              		.loc 1 168 0
 173              		.cfi_startproc
 174              		@ args = 0, pretend = 0, frame = 0
 175              		@ frame_needed = 0, uses_anonymous_args = 0
 176 0000 10B5     		push	{r4, lr}
 177              	.LCFI2:
 178              		.cfi_def_cfa_offset 8
 179              		.cfi_offset 4, -8
 180              		.cfi_offset 14, -4
 179:Drivers/STM32L0xx_HAL_Driver/Src/stm32l0xx_hal.c **** #endif /* PREFETCH_ENABLE */
 181              		.loc 1 179 0
 182 0002 064A     		ldr	r2, .L10
ARM GAS  /var/folders/2m/zqg86yyd4hbf56w83tkxjpvr0000gn/T//ccVz4yTV.s 			page 9


 183 0004 1368     		ldr	r3, [r2]
 184 0006 0221     		movs	r1, #2
 185 0008 0B43     		orrs	r3, r1
 186 000a 1360     		str	r3, [r2]
 184:Drivers/STM32L0xx_HAL_Driver/Src/stm32l0xx_hal.c **** 
 187              		.loc 1 184 0
 188 000c 0320     		movs	r0, #3
 189 000e FFF7FEFF 		bl	HAL_InitTick
 190              	.LVL7:
 187:Drivers/STM32L0xx_HAL_Driver/Src/stm32l0xx_hal.c **** 
 191              		.loc 1 187 0
 192 0012 FFF7FEFF 		bl	HAL_MspInit
 193              	.LVL8:
 191:Drivers/STM32L0xx_HAL_Driver/Src/stm32l0xx_hal.c **** 
 194              		.loc 1 191 0
 195 0016 0020     		movs	r0, #0
 196              		@ sp needed
 197 0018 10BD     		pop	{r4, pc}
 198              	.L11:
 199 001a C046     		.align	2
 200              	.L10:
 201 001c 00200240 		.word	1073881088
 202              		.cfi_endproc
 203              	.LFE39:
 205              		.section	.text.HAL_IncTick,"ax",%progbits
 206              		.align	1
 207              		.weak	HAL_IncTick
 208              		.syntax unified
 209              		.code	16
 210              		.thumb_func
 211              		.fpu softvfp
 213              	HAL_IncTick:
 214              	.LFB44:
 271:Drivers/STM32L0xx_HAL_Driver/Src/stm32l0xx_hal.c **** 
 272:Drivers/STM32L0xx_HAL_Driver/Src/stm32l0xx_hal.c **** /**
 273:Drivers/STM32L0xx_HAL_Driver/Src/stm32l0xx_hal.c ****   * @}
 274:Drivers/STM32L0xx_HAL_Driver/Src/stm32l0xx_hal.c ****   */
 275:Drivers/STM32L0xx_HAL_Driver/Src/stm32l0xx_hal.c **** 
 276:Drivers/STM32L0xx_HAL_Driver/Src/stm32l0xx_hal.c **** /** @addtogroup HAL_Exported_Functions_Group2 
 277:Drivers/STM32L0xx_HAL_Driver/Src/stm32l0xx_hal.c ****  *  @brief    Peripheral Control functions
 278:Drivers/STM32L0xx_HAL_Driver/Src/stm32l0xx_hal.c ****  *
 279:Drivers/STM32L0xx_HAL_Driver/Src/stm32l0xx_hal.c **** @verbatim
 280:Drivers/STM32L0xx_HAL_Driver/Src/stm32l0xx_hal.c ****  ===============================================================================
 281:Drivers/STM32L0xx_HAL_Driver/Src/stm32l0xx_hal.c ****                       ##### HAL Control functions #####
 282:Drivers/STM32L0xx_HAL_Driver/Src/stm32l0xx_hal.c ****  ===============================================================================
 283:Drivers/STM32L0xx_HAL_Driver/Src/stm32l0xx_hal.c ****     [..]  This section provides functions allowing to:
 284:Drivers/STM32L0xx_HAL_Driver/Src/stm32l0xx_hal.c ****       (+) Provide a tick value in millisecond
 285:Drivers/STM32L0xx_HAL_Driver/Src/stm32l0xx_hal.c ****       (+) Provide a blocking delay in millisecond
 286:Drivers/STM32L0xx_HAL_Driver/Src/stm32l0xx_hal.c ****       (+) Suspend the time base source interrupt
 287:Drivers/STM32L0xx_HAL_Driver/Src/stm32l0xx_hal.c ****       (+) Resume the time base source interrupt
 288:Drivers/STM32L0xx_HAL_Driver/Src/stm32l0xx_hal.c ****       (+) Get the HAL API driver version
 289:Drivers/STM32L0xx_HAL_Driver/Src/stm32l0xx_hal.c ****       (+) Get the device identifier
 290:Drivers/STM32L0xx_HAL_Driver/Src/stm32l0xx_hal.c ****       (+) Get the device revision identifier
 291:Drivers/STM32L0xx_HAL_Driver/Src/stm32l0xx_hal.c ****       (+) Configure low power mode behavior when the MCU is in Debug mode
 292:Drivers/STM32L0xx_HAL_Driver/Src/stm32l0xx_hal.c ****       (+) Manage the VEREFINT feature (activation, lock, output selection)
 293:Drivers/STM32L0xx_HAL_Driver/Src/stm32l0xx_hal.c ****       
 294:Drivers/STM32L0xx_HAL_Driver/Src/stm32l0xx_hal.c **** @endverbatim
ARM GAS  /var/folders/2m/zqg86yyd4hbf56w83tkxjpvr0000gn/T//ccVz4yTV.s 			page 10


 295:Drivers/STM32L0xx_HAL_Driver/Src/stm32l0xx_hal.c ****   * @{
 296:Drivers/STM32L0xx_HAL_Driver/Src/stm32l0xx_hal.c ****   */
 297:Drivers/STM32L0xx_HAL_Driver/Src/stm32l0xx_hal.c **** 
 298:Drivers/STM32L0xx_HAL_Driver/Src/stm32l0xx_hal.c **** /**
 299:Drivers/STM32L0xx_HAL_Driver/Src/stm32l0xx_hal.c ****   * @brief This function is called to increment  a global variable "uwTick"
 300:Drivers/STM32L0xx_HAL_Driver/Src/stm32l0xx_hal.c ****   *        used as application time base.
 301:Drivers/STM32L0xx_HAL_Driver/Src/stm32l0xx_hal.c ****   * @note In the default implementation, this variable is incremented each 1ms
 302:Drivers/STM32L0xx_HAL_Driver/Src/stm32l0xx_hal.c ****   *       in Systick ISR.
 303:Drivers/STM32L0xx_HAL_Driver/Src/stm32l0xx_hal.c ****  * @note This function is declared as __weak to be overwritten in case of other 
 304:Drivers/STM32L0xx_HAL_Driver/Src/stm32l0xx_hal.c ****   *      implementations in user file.
 305:Drivers/STM32L0xx_HAL_Driver/Src/stm32l0xx_hal.c ****   * @retval None
 306:Drivers/STM32L0xx_HAL_Driver/Src/stm32l0xx_hal.c ****   */
 307:Drivers/STM32L0xx_HAL_Driver/Src/stm32l0xx_hal.c **** __weak void HAL_IncTick(void)
 308:Drivers/STM32L0xx_HAL_Driver/Src/stm32l0xx_hal.c **** {
 215              		.loc 1 308 0
 216              		.cfi_startproc
 217              		@ args = 0, pretend = 0, frame = 0
 218              		@ frame_needed = 0, uses_anonymous_args = 0
 219              		@ link register save eliminated.
 309:Drivers/STM32L0xx_HAL_Driver/Src/stm32l0xx_hal.c ****   uwTick++;
 220              		.loc 1 309 0
 221 0000 024A     		ldr	r2, .L13
 222 0002 1368     		ldr	r3, [r2]
 223 0004 0133     		adds	r3, r3, #1
 224 0006 1360     		str	r3, [r2]
 310:Drivers/STM32L0xx_HAL_Driver/Src/stm32l0xx_hal.c **** }
 225              		.loc 1 310 0
 226              		@ sp needed
 227 0008 7047     		bx	lr
 228              	.L14:
 229 000a C046     		.align	2
 230              	.L13:
 231 000c 00000000 		.word	uwTick
 232              		.cfi_endproc
 233              	.LFE44:
 235              		.section	.text.HAL_GetTick,"ax",%progbits
 236              		.align	1
 237              		.weak	HAL_GetTick
 238              		.syntax unified
 239              		.code	16
 240              		.thumb_func
 241              		.fpu softvfp
 243              	HAL_GetTick:
 244              	.LFB45:
 311:Drivers/STM32L0xx_HAL_Driver/Src/stm32l0xx_hal.c **** 
 312:Drivers/STM32L0xx_HAL_Driver/Src/stm32l0xx_hal.c **** /**
 313:Drivers/STM32L0xx_HAL_Driver/Src/stm32l0xx_hal.c ****   * @brief Provides a tick value in millisecond.
 314:Drivers/STM32L0xx_HAL_Driver/Src/stm32l0xx_hal.c ****   * @note This function is declared as __weak to be overwritten in case of other 
 315:Drivers/STM32L0xx_HAL_Driver/Src/stm32l0xx_hal.c ****   *       implementations in user file.
 316:Drivers/STM32L0xx_HAL_Driver/Src/stm32l0xx_hal.c ****   * @retval tick value
 317:Drivers/STM32L0xx_HAL_Driver/Src/stm32l0xx_hal.c ****   */
 318:Drivers/STM32L0xx_HAL_Driver/Src/stm32l0xx_hal.c **** __weak uint32_t HAL_GetTick(void)
 319:Drivers/STM32L0xx_HAL_Driver/Src/stm32l0xx_hal.c **** {
 245              		.loc 1 319 0
 246              		.cfi_startproc
 247              		@ args = 0, pretend = 0, frame = 0
 248              		@ frame_needed = 0, uses_anonymous_args = 0
ARM GAS  /var/folders/2m/zqg86yyd4hbf56w83tkxjpvr0000gn/T//ccVz4yTV.s 			page 11


 249              		@ link register save eliminated.
 320:Drivers/STM32L0xx_HAL_Driver/Src/stm32l0xx_hal.c ****   return uwTick;
 250              		.loc 1 320 0
 251 0000 014B     		ldr	r3, .L16
 252 0002 1868     		ldr	r0, [r3]
 321:Drivers/STM32L0xx_HAL_Driver/Src/stm32l0xx_hal.c **** }
 253              		.loc 1 321 0
 254              		@ sp needed
 255 0004 7047     		bx	lr
 256              	.L17:
 257 0006 C046     		.align	2
 258              	.L16:
 259 0008 00000000 		.word	uwTick
 260              		.cfi_endproc
 261              	.LFE45:
 263              		.section	.text.HAL_Delay,"ax",%progbits
 264              		.align	1
 265              		.weak	HAL_Delay
 266              		.syntax unified
 267              		.code	16
 268              		.thumb_func
 269              		.fpu softvfp
 271              	HAL_Delay:
 272              	.LFB46:
 322:Drivers/STM32L0xx_HAL_Driver/Src/stm32l0xx_hal.c **** 
 323:Drivers/STM32L0xx_HAL_Driver/Src/stm32l0xx_hal.c **** /**
 324:Drivers/STM32L0xx_HAL_Driver/Src/stm32l0xx_hal.c ****   * @brief This function provides accurate delay (in ms) based on a variable incremented.
 325:Drivers/STM32L0xx_HAL_Driver/Src/stm32l0xx_hal.c ****   * @note In the default implementation , SysTick timer is the source of time base.
 326:Drivers/STM32L0xx_HAL_Driver/Src/stm32l0xx_hal.c ****   *       It is used to generate interrupts at regular time intervals where uwTick
 327:Drivers/STM32L0xx_HAL_Driver/Src/stm32l0xx_hal.c ****   *       is incremented.
 328:Drivers/STM32L0xx_HAL_Driver/Src/stm32l0xx_hal.c ****   * @note ThiS function is declared as __weak to be overwritten in case of other
 329:Drivers/STM32L0xx_HAL_Driver/Src/stm32l0xx_hal.c ****   *       implementations in user file.
 330:Drivers/STM32L0xx_HAL_Driver/Src/stm32l0xx_hal.c ****   * @param Delay: specifies the delay time length, in milliseconds.
 331:Drivers/STM32L0xx_HAL_Driver/Src/stm32l0xx_hal.c ****   * @retval None
 332:Drivers/STM32L0xx_HAL_Driver/Src/stm32l0xx_hal.c ****   */
 333:Drivers/STM32L0xx_HAL_Driver/Src/stm32l0xx_hal.c **** __weak void HAL_Delay(__IO uint32_t Delay)
 334:Drivers/STM32L0xx_HAL_Driver/Src/stm32l0xx_hal.c **** {
 273              		.loc 1 334 0
 274              		.cfi_startproc
 275              		@ args = 0, pretend = 0, frame = 8
 276              		@ frame_needed = 0, uses_anonymous_args = 0
 277              	.LVL9:
 278 0000 10B5     		push	{r4, lr}
 279              	.LCFI3:
 280              		.cfi_def_cfa_offset 8
 281              		.cfi_offset 4, -8
 282              		.cfi_offset 14, -4
 283 0002 82B0     		sub	sp, sp, #8
 284              	.LCFI4:
 285              		.cfi_def_cfa_offset 16
 286 0004 0190     		str	r0, [sp, #4]
 287              	.LVL10:
 335:Drivers/STM32L0xx_HAL_Driver/Src/stm32l0xx_hal.c ****   uint32_t tickstart = 0U;
 336:Drivers/STM32L0xx_HAL_Driver/Src/stm32l0xx_hal.c ****   tickstart = HAL_GetTick();
 288              		.loc 1 336 0
 289 0006 FFF7FEFF 		bl	HAL_GetTick
 290              	.LVL11:
ARM GAS  /var/folders/2m/zqg86yyd4hbf56w83tkxjpvr0000gn/T//ccVz4yTV.s 			page 12


 291 000a 0400     		movs	r4, r0
 292              	.LVL12:
 293              	.L19:
 337:Drivers/STM32L0xx_HAL_Driver/Src/stm32l0xx_hal.c ****   while((HAL_GetTick() - tickstart) < Delay)
 294              		.loc 1 337 0 discriminator 1
 295 000c FFF7FEFF 		bl	HAL_GetTick
 296              	.LVL13:
 297 0010 001B     		subs	r0, r0, r4
 298 0012 019B     		ldr	r3, [sp, #4]
 299 0014 9842     		cmp	r0, r3
 300 0016 F9D3     		bcc	.L19
 338:Drivers/STM32L0xx_HAL_Driver/Src/stm32l0xx_hal.c ****   {
 339:Drivers/STM32L0xx_HAL_Driver/Src/stm32l0xx_hal.c ****   }
 340:Drivers/STM32L0xx_HAL_Driver/Src/stm32l0xx_hal.c **** }
 301              		.loc 1 340 0
 302 0018 02B0     		add	sp, sp, #8
 303              		@ sp needed
 304              	.LVL14:
 305 001a 10BD     		pop	{r4, pc}
 306              		.cfi_endproc
 307              	.LFE46:
 309              		.section	.text.HAL_SuspendTick,"ax",%progbits
 310              		.align	1
 311              		.weak	HAL_SuspendTick
 312              		.syntax unified
 313              		.code	16
 314              		.thumb_func
 315              		.fpu softvfp
 317              	HAL_SuspendTick:
 318              	.LFB47:
 341:Drivers/STM32L0xx_HAL_Driver/Src/stm32l0xx_hal.c **** 
 342:Drivers/STM32L0xx_HAL_Driver/Src/stm32l0xx_hal.c **** /**
 343:Drivers/STM32L0xx_HAL_Driver/Src/stm32l0xx_hal.c ****   * @brief Suspends the Tick increment.
 344:Drivers/STM32L0xx_HAL_Driver/Src/stm32l0xx_hal.c ****   * @note In the default implementation , SysTick timer is the source of time base. It is
 345:Drivers/STM32L0xx_HAL_Driver/Src/stm32l0xx_hal.c ****   *       used to generate interrupts at regular time intervals. Once HAL_SuspendTick()
 346:Drivers/STM32L0xx_HAL_Driver/Src/stm32l0xx_hal.c ****   *       is called, the the SysTick interrupt will be disabled and so Tick increment 
 347:Drivers/STM32L0xx_HAL_Driver/Src/stm32l0xx_hal.c ****   *       is suspended.
 348:Drivers/STM32L0xx_HAL_Driver/Src/stm32l0xx_hal.c ****   * @note This function is declared as __weak to be overwritten in case of other
 349:Drivers/STM32L0xx_HAL_Driver/Src/stm32l0xx_hal.c ****   *       implementations in user file.
 350:Drivers/STM32L0xx_HAL_Driver/Src/stm32l0xx_hal.c ****   * @retval None
 351:Drivers/STM32L0xx_HAL_Driver/Src/stm32l0xx_hal.c ****   */
 352:Drivers/STM32L0xx_HAL_Driver/Src/stm32l0xx_hal.c **** __weak void HAL_SuspendTick(void)
 353:Drivers/STM32L0xx_HAL_Driver/Src/stm32l0xx_hal.c **** {
 319              		.loc 1 353 0
 320              		.cfi_startproc
 321              		@ args = 0, pretend = 0, frame = 0
 322              		@ frame_needed = 0, uses_anonymous_args = 0
 323              		@ link register save eliminated.
 354:Drivers/STM32L0xx_HAL_Driver/Src/stm32l0xx_hal.c ****   /* Disable SysTick Interrupt */
 355:Drivers/STM32L0xx_HAL_Driver/Src/stm32l0xx_hal.c ****   SysTick->CTRL &= ~SysTick_CTRL_TICKINT_Msk;
 324              		.loc 1 355 0
 325 0000 024A     		ldr	r2, .L21
 326 0002 1368     		ldr	r3, [r2]
 327 0004 0221     		movs	r1, #2
 328 0006 8B43     		bics	r3, r1
 329 0008 1360     		str	r3, [r2]
 356:Drivers/STM32L0xx_HAL_Driver/Src/stm32l0xx_hal.c **** }
ARM GAS  /var/folders/2m/zqg86yyd4hbf56w83tkxjpvr0000gn/T//ccVz4yTV.s 			page 13


 330              		.loc 1 356 0
 331              		@ sp needed
 332 000a 7047     		bx	lr
 333              	.L22:
 334              		.align	2
 335              	.L21:
 336 000c 10E000E0 		.word	-536813552
 337              		.cfi_endproc
 338              	.LFE47:
 340              		.section	.text.HAL_ResumeTick,"ax",%progbits
 341              		.align	1
 342              		.weak	HAL_ResumeTick
 343              		.syntax unified
 344              		.code	16
 345              		.thumb_func
 346              		.fpu softvfp
 348              	HAL_ResumeTick:
 349              	.LFB48:
 357:Drivers/STM32L0xx_HAL_Driver/Src/stm32l0xx_hal.c **** 
 358:Drivers/STM32L0xx_HAL_Driver/Src/stm32l0xx_hal.c **** /**
 359:Drivers/STM32L0xx_HAL_Driver/Src/stm32l0xx_hal.c ****   * @brief Resumes the Tick increment.
 360:Drivers/STM32L0xx_HAL_Driver/Src/stm32l0xx_hal.c ****   * @note In the default implementation , SysTick timer is the source of time base. It is
 361:Drivers/STM32L0xx_HAL_Driver/Src/stm32l0xx_hal.c ****   *       used to generate interrupts at regular time intervals. Once HAL_ResumeTick()
 362:Drivers/STM32L0xx_HAL_Driver/Src/stm32l0xx_hal.c ****   *       is called, the the SysTick interrupt will be enabled and so Tick increment 
 363:Drivers/STM32L0xx_HAL_Driver/Src/stm32l0xx_hal.c ****   *       is resumed.
 364:Drivers/STM32L0xx_HAL_Driver/Src/stm32l0xx_hal.c ****   * @note This function is declared as __weak to be overwritten in case of other
 365:Drivers/STM32L0xx_HAL_Driver/Src/stm32l0xx_hal.c ****   *       implementations in user file.
 366:Drivers/STM32L0xx_HAL_Driver/Src/stm32l0xx_hal.c ****   * @retval None
 367:Drivers/STM32L0xx_HAL_Driver/Src/stm32l0xx_hal.c ****   */
 368:Drivers/STM32L0xx_HAL_Driver/Src/stm32l0xx_hal.c **** __weak void HAL_ResumeTick(void)
 369:Drivers/STM32L0xx_HAL_Driver/Src/stm32l0xx_hal.c **** {
 350              		.loc 1 369 0
 351              		.cfi_startproc
 352              		@ args = 0, pretend = 0, frame = 0
 353              		@ frame_needed = 0, uses_anonymous_args = 0
 354              		@ link register save eliminated.
 370:Drivers/STM32L0xx_HAL_Driver/Src/stm32l0xx_hal.c ****   /* Enable SysTick Interrupt */
 371:Drivers/STM32L0xx_HAL_Driver/Src/stm32l0xx_hal.c ****   SysTick->CTRL  |= SysTick_CTRL_TICKINT_Msk;
 355              		.loc 1 371 0
 356 0000 024A     		ldr	r2, .L24
 357 0002 1368     		ldr	r3, [r2]
 358 0004 0221     		movs	r1, #2
 359 0006 0B43     		orrs	r3, r1
 360 0008 1360     		str	r3, [r2]
 372:Drivers/STM32L0xx_HAL_Driver/Src/stm32l0xx_hal.c **** }
 361              		.loc 1 372 0
 362              		@ sp needed
 363 000a 7047     		bx	lr
 364              	.L25:
 365              		.align	2
 366              	.L24:
 367 000c 10E000E0 		.word	-536813552
 368              		.cfi_endproc
 369              	.LFE48:
 371              		.section	.text.HAL_GetHalVersion,"ax",%progbits
 372              		.align	1
 373              		.global	HAL_GetHalVersion
ARM GAS  /var/folders/2m/zqg86yyd4hbf56w83tkxjpvr0000gn/T//ccVz4yTV.s 			page 14


 374              		.syntax unified
 375              		.code	16
 376              		.thumb_func
 377              		.fpu softvfp
 379              	HAL_GetHalVersion:
 380              	.LFB49:
 373:Drivers/STM32L0xx_HAL_Driver/Src/stm32l0xx_hal.c **** 
 374:Drivers/STM32L0xx_HAL_Driver/Src/stm32l0xx_hal.c **** /**
 375:Drivers/STM32L0xx_HAL_Driver/Src/stm32l0xx_hal.c ****   * @brief Returns the HAL revision
 376:Drivers/STM32L0xx_HAL_Driver/Src/stm32l0xx_hal.c ****   * @retval version: 0xXYZR (8bits for each decimal, R for RC)
 377:Drivers/STM32L0xx_HAL_Driver/Src/stm32l0xx_hal.c ****   */
 378:Drivers/STM32L0xx_HAL_Driver/Src/stm32l0xx_hal.c **** uint32_t HAL_GetHalVersion(void)
 379:Drivers/STM32L0xx_HAL_Driver/Src/stm32l0xx_hal.c **** {
 381              		.loc 1 379 0
 382              		.cfi_startproc
 383              		@ args = 0, pretend = 0, frame = 0
 384              		@ frame_needed = 0, uses_anonymous_args = 0
 385              		@ link register save eliminated.
 380:Drivers/STM32L0xx_HAL_Driver/Src/stm32l0xx_hal.c ****   return __STM32L0xx_HAL_VERSION;
 381:Drivers/STM32L0xx_HAL_Driver/Src/stm32l0xx_hal.c **** }
 386              		.loc 1 381 0
 387 0000 0048     		ldr	r0, .L27
 388              		@ sp needed
 389 0002 7047     		bx	lr
 390              	.L28:
 391              		.align	2
 392              	.L27:
 393 0004 00010801 		.word	17301760
 394              		.cfi_endproc
 395              	.LFE49:
 397              		.section	.text.HAL_GetREVID,"ax",%progbits
 398              		.align	1
 399              		.global	HAL_GetREVID
 400              		.syntax unified
 401              		.code	16
 402              		.thumb_func
 403              		.fpu softvfp
 405              	HAL_GetREVID:
 406              	.LFB50:
 382:Drivers/STM32L0xx_HAL_Driver/Src/stm32l0xx_hal.c **** 
 383:Drivers/STM32L0xx_HAL_Driver/Src/stm32l0xx_hal.c **** /**
 384:Drivers/STM32L0xx_HAL_Driver/Src/stm32l0xx_hal.c ****   * @brief Returns the device revision identifier.
 385:Drivers/STM32L0xx_HAL_Driver/Src/stm32l0xx_hal.c ****   * @retval Device revision identifier
 386:Drivers/STM32L0xx_HAL_Driver/Src/stm32l0xx_hal.c ****   */
 387:Drivers/STM32L0xx_HAL_Driver/Src/stm32l0xx_hal.c **** uint32_t HAL_GetREVID(void)
 388:Drivers/STM32L0xx_HAL_Driver/Src/stm32l0xx_hal.c **** {
 407              		.loc 1 388 0
 408              		.cfi_startproc
 409              		@ args = 0, pretend = 0, frame = 0
 410              		@ frame_needed = 0, uses_anonymous_args = 0
 411              		@ link register save eliminated.
 389:Drivers/STM32L0xx_HAL_Driver/Src/stm32l0xx_hal.c ****   return((DBGMCU->IDCODE) >> 16U);
 412              		.loc 1 389 0
 413 0000 014B     		ldr	r3, .L30
 414 0002 1868     		ldr	r0, [r3]
 415 0004 000C     		lsrs	r0, r0, #16
 390:Drivers/STM32L0xx_HAL_Driver/Src/stm32l0xx_hal.c **** }
ARM GAS  /var/folders/2m/zqg86yyd4hbf56w83tkxjpvr0000gn/T//ccVz4yTV.s 			page 15


 416              		.loc 1 390 0
 417              		@ sp needed
 418 0006 7047     		bx	lr
 419              	.L31:
 420              		.align	2
 421              	.L30:
 422 0008 00580140 		.word	1073829888
 423              		.cfi_endproc
 424              	.LFE50:
 426              		.section	.text.HAL_GetDEVID,"ax",%progbits
 427              		.align	1
 428              		.global	HAL_GetDEVID
 429              		.syntax unified
 430              		.code	16
 431              		.thumb_func
 432              		.fpu softvfp
 434              	HAL_GetDEVID:
 435              	.LFB51:
 391:Drivers/STM32L0xx_HAL_Driver/Src/stm32l0xx_hal.c **** 
 392:Drivers/STM32L0xx_HAL_Driver/Src/stm32l0xx_hal.c **** /**
 393:Drivers/STM32L0xx_HAL_Driver/Src/stm32l0xx_hal.c ****   * @brief  Returns the device identifier.
 394:Drivers/STM32L0xx_HAL_Driver/Src/stm32l0xx_hal.c ****   * @retval Device identifier
 395:Drivers/STM32L0xx_HAL_Driver/Src/stm32l0xx_hal.c ****   */
 396:Drivers/STM32L0xx_HAL_Driver/Src/stm32l0xx_hal.c **** uint32_t HAL_GetDEVID(void)
 397:Drivers/STM32L0xx_HAL_Driver/Src/stm32l0xx_hal.c **** {
 436              		.loc 1 397 0
 437              		.cfi_startproc
 438              		@ args = 0, pretend = 0, frame = 0
 439              		@ frame_needed = 0, uses_anonymous_args = 0
 440              		@ link register save eliminated.
 398:Drivers/STM32L0xx_HAL_Driver/Src/stm32l0xx_hal.c ****    return((DBGMCU->IDCODE) & IDCODE_DEVID_MASK);
 441              		.loc 1 398 0
 442 0000 024B     		ldr	r3, .L33
 443 0002 1868     		ldr	r0, [r3]
 444 0004 0005     		lsls	r0, r0, #20
 445 0006 000D     		lsrs	r0, r0, #20
 399:Drivers/STM32L0xx_HAL_Driver/Src/stm32l0xx_hal.c **** }
 446              		.loc 1 399 0
 447              		@ sp needed
 448 0008 7047     		bx	lr
 449              	.L34:
 450 000a C046     		.align	2
 451              	.L33:
 452 000c 00580140 		.word	1073829888
 453              		.cfi_endproc
 454              	.LFE51:
 456              		.section	.text.HAL_DBGMCU_EnableDBGSleepMode,"ax",%progbits
 457              		.align	1
 458              		.global	HAL_DBGMCU_EnableDBGSleepMode
 459              		.syntax unified
 460              		.code	16
 461              		.thumb_func
 462              		.fpu softvfp
 464              	HAL_DBGMCU_EnableDBGSleepMode:
 465              	.LFB52:
 400:Drivers/STM32L0xx_HAL_Driver/Src/stm32l0xx_hal.c **** 
 401:Drivers/STM32L0xx_HAL_Driver/Src/stm32l0xx_hal.c **** /**
ARM GAS  /var/folders/2m/zqg86yyd4hbf56w83tkxjpvr0000gn/T//ccVz4yTV.s 			page 16


 402:Drivers/STM32L0xx_HAL_Driver/Src/stm32l0xx_hal.c ****   * @brief  Enables the Debug Module during SLEEP mode
 403:Drivers/STM32L0xx_HAL_Driver/Src/stm32l0xx_hal.c ****   * @retval None
 404:Drivers/STM32L0xx_HAL_Driver/Src/stm32l0xx_hal.c ****   */
 405:Drivers/STM32L0xx_HAL_Driver/Src/stm32l0xx_hal.c **** void HAL_DBGMCU_EnableDBGSleepMode(void)
 406:Drivers/STM32L0xx_HAL_Driver/Src/stm32l0xx_hal.c **** {
 466              		.loc 1 406 0
 467              		.cfi_startproc
 468              		@ args = 0, pretend = 0, frame = 0
 469              		@ frame_needed = 0, uses_anonymous_args = 0
 470              		@ link register save eliminated.
 407:Drivers/STM32L0xx_HAL_Driver/Src/stm32l0xx_hal.c ****   SET_BIT(DBGMCU->CR, DBGMCU_CR_DBG_SLEEP);
 471              		.loc 1 407 0
 472 0000 024A     		ldr	r2, .L36
 473 0002 5368     		ldr	r3, [r2, #4]
 474 0004 0121     		movs	r1, #1
 475 0006 0B43     		orrs	r3, r1
 476 0008 5360     		str	r3, [r2, #4]
 408:Drivers/STM32L0xx_HAL_Driver/Src/stm32l0xx_hal.c **** }
 477              		.loc 1 408 0
 478              		@ sp needed
 479 000a 7047     		bx	lr
 480              	.L37:
 481              		.align	2
 482              	.L36:
 483 000c 00580140 		.word	1073829888
 484              		.cfi_endproc
 485              	.LFE52:
 487              		.section	.text.HAL_DBGMCU_DisableDBGSleepMode,"ax",%progbits
 488              		.align	1
 489              		.global	HAL_DBGMCU_DisableDBGSleepMode
 490              		.syntax unified
 491              		.code	16
 492              		.thumb_func
 493              		.fpu softvfp
 495              	HAL_DBGMCU_DisableDBGSleepMode:
 496              	.LFB53:
 409:Drivers/STM32L0xx_HAL_Driver/Src/stm32l0xx_hal.c **** 
 410:Drivers/STM32L0xx_HAL_Driver/Src/stm32l0xx_hal.c **** /**
 411:Drivers/STM32L0xx_HAL_Driver/Src/stm32l0xx_hal.c ****   * @brief  Disables the Debug Module during SLEEP mode
 412:Drivers/STM32L0xx_HAL_Driver/Src/stm32l0xx_hal.c ****   * @retval None
 413:Drivers/STM32L0xx_HAL_Driver/Src/stm32l0xx_hal.c ****   */
 414:Drivers/STM32L0xx_HAL_Driver/Src/stm32l0xx_hal.c **** void HAL_DBGMCU_DisableDBGSleepMode(void)
 415:Drivers/STM32L0xx_HAL_Driver/Src/stm32l0xx_hal.c **** {
 497              		.loc 1 415 0
 498              		.cfi_startproc
 499              		@ args = 0, pretend = 0, frame = 0
 500              		@ frame_needed = 0, uses_anonymous_args = 0
 501              		@ link register save eliminated.
 416:Drivers/STM32L0xx_HAL_Driver/Src/stm32l0xx_hal.c ****   CLEAR_BIT(DBGMCU->CR, DBGMCU_CR_DBG_SLEEP);
 502              		.loc 1 416 0
 503 0000 024A     		ldr	r2, .L39
 504 0002 5368     		ldr	r3, [r2, #4]
 505 0004 0121     		movs	r1, #1
 506 0006 8B43     		bics	r3, r1
 507 0008 5360     		str	r3, [r2, #4]
 417:Drivers/STM32L0xx_HAL_Driver/Src/stm32l0xx_hal.c **** }
 508              		.loc 1 417 0
ARM GAS  /var/folders/2m/zqg86yyd4hbf56w83tkxjpvr0000gn/T//ccVz4yTV.s 			page 17


 509              		@ sp needed
 510 000a 7047     		bx	lr
 511              	.L40:
 512              		.align	2
 513              	.L39:
 514 000c 00580140 		.word	1073829888
 515              		.cfi_endproc
 516              	.LFE53:
 518              		.section	.text.HAL_DBGMCU_EnableDBGStopMode,"ax",%progbits
 519              		.align	1
 520              		.global	HAL_DBGMCU_EnableDBGStopMode
 521              		.syntax unified
 522              		.code	16
 523              		.thumb_func
 524              		.fpu softvfp
 526              	HAL_DBGMCU_EnableDBGStopMode:
 527              	.LFB54:
 418:Drivers/STM32L0xx_HAL_Driver/Src/stm32l0xx_hal.c **** 
 419:Drivers/STM32L0xx_HAL_Driver/Src/stm32l0xx_hal.c **** /**
 420:Drivers/STM32L0xx_HAL_Driver/Src/stm32l0xx_hal.c ****   * @brief  Enables the Debug Module during STOP mode
 421:Drivers/STM32L0xx_HAL_Driver/Src/stm32l0xx_hal.c ****   * @retval None
 422:Drivers/STM32L0xx_HAL_Driver/Src/stm32l0xx_hal.c ****   */
 423:Drivers/STM32L0xx_HAL_Driver/Src/stm32l0xx_hal.c **** void HAL_DBGMCU_EnableDBGStopMode(void)
 424:Drivers/STM32L0xx_HAL_Driver/Src/stm32l0xx_hal.c **** {
 528              		.loc 1 424 0
 529              		.cfi_startproc
 530              		@ args = 0, pretend = 0, frame = 0
 531              		@ frame_needed = 0, uses_anonymous_args = 0
 532              		@ link register save eliminated.
 425:Drivers/STM32L0xx_HAL_Driver/Src/stm32l0xx_hal.c ****   SET_BIT(DBGMCU->CR, DBGMCU_CR_DBG_STOP);
 533              		.loc 1 425 0
 534 0000 024A     		ldr	r2, .L42
 535 0002 5368     		ldr	r3, [r2, #4]
 536 0004 0221     		movs	r1, #2
 537 0006 0B43     		orrs	r3, r1
 538 0008 5360     		str	r3, [r2, #4]
 426:Drivers/STM32L0xx_HAL_Driver/Src/stm32l0xx_hal.c **** }
 539              		.loc 1 426 0
 540              		@ sp needed
 541 000a 7047     		bx	lr
 542              	.L43:
 543              		.align	2
 544              	.L42:
 545 000c 00580140 		.word	1073829888
 546              		.cfi_endproc
 547              	.LFE54:
 549              		.section	.text.HAL_DBGMCU_DisableDBGStopMode,"ax",%progbits
 550              		.align	1
 551              		.global	HAL_DBGMCU_DisableDBGStopMode
 552              		.syntax unified
 553              		.code	16
 554              		.thumb_func
 555              		.fpu softvfp
 557              	HAL_DBGMCU_DisableDBGStopMode:
 558              	.LFB55:
 427:Drivers/STM32L0xx_HAL_Driver/Src/stm32l0xx_hal.c **** 
 428:Drivers/STM32L0xx_HAL_Driver/Src/stm32l0xx_hal.c **** /**
ARM GAS  /var/folders/2m/zqg86yyd4hbf56w83tkxjpvr0000gn/T//ccVz4yTV.s 			page 18


 429:Drivers/STM32L0xx_HAL_Driver/Src/stm32l0xx_hal.c ****   * @brief  Disables the Debug Module during STOP mode
 430:Drivers/STM32L0xx_HAL_Driver/Src/stm32l0xx_hal.c ****   * @retval None
 431:Drivers/STM32L0xx_HAL_Driver/Src/stm32l0xx_hal.c ****   */
 432:Drivers/STM32L0xx_HAL_Driver/Src/stm32l0xx_hal.c **** void HAL_DBGMCU_DisableDBGStopMode(void)
 433:Drivers/STM32L0xx_HAL_Driver/Src/stm32l0xx_hal.c **** {
 559              		.loc 1 433 0
 560              		.cfi_startproc
 561              		@ args = 0, pretend = 0, frame = 0
 562              		@ frame_needed = 0, uses_anonymous_args = 0
 563              		@ link register save eliminated.
 434:Drivers/STM32L0xx_HAL_Driver/Src/stm32l0xx_hal.c ****   CLEAR_BIT(DBGMCU->CR, DBGMCU_CR_DBG_STOP);
 564              		.loc 1 434 0
 565 0000 024A     		ldr	r2, .L45
 566 0002 5368     		ldr	r3, [r2, #4]
 567 0004 0221     		movs	r1, #2
 568 0006 8B43     		bics	r3, r1
 569 0008 5360     		str	r3, [r2, #4]
 435:Drivers/STM32L0xx_HAL_Driver/Src/stm32l0xx_hal.c **** }
 570              		.loc 1 435 0
 571              		@ sp needed
 572 000a 7047     		bx	lr
 573              	.L46:
 574              		.align	2
 575              	.L45:
 576 000c 00580140 		.word	1073829888
 577              		.cfi_endproc
 578              	.LFE55:
 580              		.section	.text.HAL_DBGMCU_EnableDBGStandbyMode,"ax",%progbits
 581              		.align	1
 582              		.global	HAL_DBGMCU_EnableDBGStandbyMode
 583              		.syntax unified
 584              		.code	16
 585              		.thumb_func
 586              		.fpu softvfp
 588              	HAL_DBGMCU_EnableDBGStandbyMode:
 589              	.LFB56:
 436:Drivers/STM32L0xx_HAL_Driver/Src/stm32l0xx_hal.c **** 
 437:Drivers/STM32L0xx_HAL_Driver/Src/stm32l0xx_hal.c **** /**
 438:Drivers/STM32L0xx_HAL_Driver/Src/stm32l0xx_hal.c ****   * @brief  Enables the Debug Module during STANDBY mode
 439:Drivers/STM32L0xx_HAL_Driver/Src/stm32l0xx_hal.c ****   * @retval None
 440:Drivers/STM32L0xx_HAL_Driver/Src/stm32l0xx_hal.c ****   */
 441:Drivers/STM32L0xx_HAL_Driver/Src/stm32l0xx_hal.c **** void HAL_DBGMCU_EnableDBGStandbyMode(void)
 442:Drivers/STM32L0xx_HAL_Driver/Src/stm32l0xx_hal.c **** {
 590              		.loc 1 442 0
 591              		.cfi_startproc
 592              		@ args = 0, pretend = 0, frame = 0
 593              		@ frame_needed = 0, uses_anonymous_args = 0
 594              		@ link register save eliminated.
 443:Drivers/STM32L0xx_HAL_Driver/Src/stm32l0xx_hal.c ****   SET_BIT(DBGMCU->CR, DBGMCU_CR_DBG_STANDBY);
 595              		.loc 1 443 0
 596 0000 024A     		ldr	r2, .L48
 597 0002 5368     		ldr	r3, [r2, #4]
 598 0004 0421     		movs	r1, #4
 599 0006 0B43     		orrs	r3, r1
 600 0008 5360     		str	r3, [r2, #4]
 444:Drivers/STM32L0xx_HAL_Driver/Src/stm32l0xx_hal.c **** }
 601              		.loc 1 444 0
ARM GAS  /var/folders/2m/zqg86yyd4hbf56w83tkxjpvr0000gn/T//ccVz4yTV.s 			page 19


 602              		@ sp needed
 603 000a 7047     		bx	lr
 604              	.L49:
 605              		.align	2
 606              	.L48:
 607 000c 00580140 		.word	1073829888
 608              		.cfi_endproc
 609              	.LFE56:
 611              		.section	.text.HAL_DBGMCU_DisableDBGStandbyMode,"ax",%progbits
 612              		.align	1
 613              		.global	HAL_DBGMCU_DisableDBGStandbyMode
 614              		.syntax unified
 615              		.code	16
 616              		.thumb_func
 617              		.fpu softvfp
 619              	HAL_DBGMCU_DisableDBGStandbyMode:
 620              	.LFB57:
 445:Drivers/STM32L0xx_HAL_Driver/Src/stm32l0xx_hal.c **** 
 446:Drivers/STM32L0xx_HAL_Driver/Src/stm32l0xx_hal.c **** /**
 447:Drivers/STM32L0xx_HAL_Driver/Src/stm32l0xx_hal.c ****   * @brief  Disables the Debug Module during STANDBY mode
 448:Drivers/STM32L0xx_HAL_Driver/Src/stm32l0xx_hal.c ****   * @retval None
 449:Drivers/STM32L0xx_HAL_Driver/Src/stm32l0xx_hal.c ****   */
 450:Drivers/STM32L0xx_HAL_Driver/Src/stm32l0xx_hal.c **** void HAL_DBGMCU_DisableDBGStandbyMode(void)
 451:Drivers/STM32L0xx_HAL_Driver/Src/stm32l0xx_hal.c **** {
 621              		.loc 1 451 0
 622              		.cfi_startproc
 623              		@ args = 0, pretend = 0, frame = 0
 624              		@ frame_needed = 0, uses_anonymous_args = 0
 625              		@ link register save eliminated.
 452:Drivers/STM32L0xx_HAL_Driver/Src/stm32l0xx_hal.c ****   CLEAR_BIT(DBGMCU->CR, DBGMCU_CR_DBG_STANDBY);
 626              		.loc 1 452 0
 627 0000 024A     		ldr	r2, .L51
 628 0002 5368     		ldr	r3, [r2, #4]
 629 0004 0421     		movs	r1, #4
 630 0006 8B43     		bics	r3, r1
 631 0008 5360     		str	r3, [r2, #4]
 453:Drivers/STM32L0xx_HAL_Driver/Src/stm32l0xx_hal.c **** }
 632              		.loc 1 453 0
 633              		@ sp needed
 634 000a 7047     		bx	lr
 635              	.L52:
 636              		.align	2
 637              	.L51:
 638 000c 00580140 		.word	1073829888
 639              		.cfi_endproc
 640              	.LFE57:
 642              		.section	.text.HAL_DBGMCU_DBG_EnableLowPowerConfig,"ax",%progbits
 643              		.align	1
 644              		.global	HAL_DBGMCU_DBG_EnableLowPowerConfig
 645              		.syntax unified
 646              		.code	16
 647              		.thumb_func
 648              		.fpu softvfp
 650              	HAL_DBGMCU_DBG_EnableLowPowerConfig:
 651              	.LFB58:
 454:Drivers/STM32L0xx_HAL_Driver/Src/stm32l0xx_hal.c **** 
 455:Drivers/STM32L0xx_HAL_Driver/Src/stm32l0xx_hal.c **** /**
ARM GAS  /var/folders/2m/zqg86yyd4hbf56w83tkxjpvr0000gn/T//ccVz4yTV.s 			page 20


 456:Drivers/STM32L0xx_HAL_Driver/Src/stm32l0xx_hal.c ****   * @brief  Enable low power mode behavior when the MCU is in Debug mode.
 457:Drivers/STM32L0xx_HAL_Driver/Src/stm32l0xx_hal.c ****   * @param Periph: specifies the low power mode.
 458:Drivers/STM32L0xx_HAL_Driver/Src/stm32l0xx_hal.c ****   *   This parameter can be any combination of the following values:
 459:Drivers/STM32L0xx_HAL_Driver/Src/stm32l0xx_hal.c ****   *     @arg DBGMCU_SLEEP: Keep debugger connection during SLEEP mode
 460:Drivers/STM32L0xx_HAL_Driver/Src/stm32l0xx_hal.c ****   *     @arg DBGMCU_STOP: Keep debugger connection during STOP mode
 461:Drivers/STM32L0xx_HAL_Driver/Src/stm32l0xx_hal.c ****   *     @arg DBGMCU_STANDBY: Keep debugger connection during STANDBY mode
 462:Drivers/STM32L0xx_HAL_Driver/Src/stm32l0xx_hal.c ****   * @retval None
 463:Drivers/STM32L0xx_HAL_Driver/Src/stm32l0xx_hal.c ****   */
 464:Drivers/STM32L0xx_HAL_Driver/Src/stm32l0xx_hal.c **** void HAL_DBGMCU_DBG_EnableLowPowerConfig(uint32_t Periph)
 465:Drivers/STM32L0xx_HAL_Driver/Src/stm32l0xx_hal.c **** {
 652              		.loc 1 465 0
 653              		.cfi_startproc
 654              		@ args = 0, pretend = 0, frame = 0
 655              		@ frame_needed = 0, uses_anonymous_args = 0
 656              		@ link register save eliminated.
 657              	.LVL15:
 466:Drivers/STM32L0xx_HAL_Driver/Src/stm32l0xx_hal.c ****   /* Check the parameters */
 467:Drivers/STM32L0xx_HAL_Driver/Src/stm32l0xx_hal.c ****   assert_param(IS_DBGMCU_PERIPH(Periph));
 468:Drivers/STM32L0xx_HAL_Driver/Src/stm32l0xx_hal.c ****   
 469:Drivers/STM32L0xx_HAL_Driver/Src/stm32l0xx_hal.c ****   DBGMCU->CR |= Periph;
 658              		.loc 1 469 0
 659 0000 024A     		ldr	r2, .L54
 660 0002 5368     		ldr	r3, [r2, #4]
 661 0004 1843     		orrs	r0, r3
 662              	.LVL16:
 663 0006 5060     		str	r0, [r2, #4]
 470:Drivers/STM32L0xx_HAL_Driver/Src/stm32l0xx_hal.c **** 
 471:Drivers/STM32L0xx_HAL_Driver/Src/stm32l0xx_hal.c **** }
 664              		.loc 1 471 0
 665              		@ sp needed
 666 0008 7047     		bx	lr
 667              	.L55:
 668 000a C046     		.align	2
 669              	.L54:
 670 000c 00580140 		.word	1073829888
 671              		.cfi_endproc
 672              	.LFE58:
 674              		.section	.text.HAL_DBGMCU_DBG_DisableLowPowerConfig,"ax",%progbits
 675              		.align	1
 676              		.global	HAL_DBGMCU_DBG_DisableLowPowerConfig
 677              		.syntax unified
 678              		.code	16
 679              		.thumb_func
 680              		.fpu softvfp
 682              	HAL_DBGMCU_DBG_DisableLowPowerConfig:
 683              	.LFB59:
 472:Drivers/STM32L0xx_HAL_Driver/Src/stm32l0xx_hal.c **** /**
 473:Drivers/STM32L0xx_HAL_Driver/Src/stm32l0xx_hal.c ****   * @brief  Disable low power mode behavior when the MCU is in Debug mode.
 474:Drivers/STM32L0xx_HAL_Driver/Src/stm32l0xx_hal.c ****   * @param Periph: specifies the low power mode.
 475:Drivers/STM32L0xx_HAL_Driver/Src/stm32l0xx_hal.c ****   *   This parameter can be any combination of the following values:
 476:Drivers/STM32L0xx_HAL_Driver/Src/stm32l0xx_hal.c ****   *     @arg DBGMCU_SLEEP: Keep debugger connection during SLEEP mode
 477:Drivers/STM32L0xx_HAL_Driver/Src/stm32l0xx_hal.c ****   *     @arg DBGMCU_STOP: Keep debugger connection during STOP mode
 478:Drivers/STM32L0xx_HAL_Driver/Src/stm32l0xx_hal.c ****   *     @arg DBGMCU_STANDBY: Keep debugger connection during STANDBY mode
 479:Drivers/STM32L0xx_HAL_Driver/Src/stm32l0xx_hal.c ****   * @retval None
 480:Drivers/STM32L0xx_HAL_Driver/Src/stm32l0xx_hal.c ****   */
 481:Drivers/STM32L0xx_HAL_Driver/Src/stm32l0xx_hal.c **** void HAL_DBGMCU_DBG_DisableLowPowerConfig(uint32_t Periph)
 482:Drivers/STM32L0xx_HAL_Driver/Src/stm32l0xx_hal.c **** {
ARM GAS  /var/folders/2m/zqg86yyd4hbf56w83tkxjpvr0000gn/T//ccVz4yTV.s 			page 21


 684              		.loc 1 482 0
 685              		.cfi_startproc
 686              		@ args = 0, pretend = 0, frame = 0
 687              		@ frame_needed = 0, uses_anonymous_args = 0
 688              		@ link register save eliminated.
 689              	.LVL17:
 483:Drivers/STM32L0xx_HAL_Driver/Src/stm32l0xx_hal.c ****   /* Check the parameters */
 484:Drivers/STM32L0xx_HAL_Driver/Src/stm32l0xx_hal.c ****   assert_param(IS_DBGMCU_PERIPH(Periph));
 485:Drivers/STM32L0xx_HAL_Driver/Src/stm32l0xx_hal.c ****   {
 486:Drivers/STM32L0xx_HAL_Driver/Src/stm32l0xx_hal.c ****     DBGMCU->CR &= ~Periph;
 690              		.loc 1 486 0
 691 0000 024A     		ldr	r2, .L57
 692 0002 5368     		ldr	r3, [r2, #4]
 693 0004 8343     		bics	r3, r0
 694 0006 5360     		str	r3, [r2, #4]
 487:Drivers/STM32L0xx_HAL_Driver/Src/stm32l0xx_hal.c ****   }
 488:Drivers/STM32L0xx_HAL_Driver/Src/stm32l0xx_hal.c **** }
 695              		.loc 1 488 0
 696              		@ sp needed
 697 0008 7047     		bx	lr
 698              	.L58:
 699 000a C046     		.align	2
 700              	.L57:
 701 000c 00580140 		.word	1073829888
 702              		.cfi_endproc
 703              	.LFE59:
 705              		.section	.text.HAL_SYSCFG_GetBootMode,"ax",%progbits
 706              		.align	1
 707              		.global	HAL_SYSCFG_GetBootMode
 708              		.syntax unified
 709              		.code	16
 710              		.thumb_func
 711              		.fpu softvfp
 713              	HAL_SYSCFG_GetBootMode:
 714              	.LFB60:
 489:Drivers/STM32L0xx_HAL_Driver/Src/stm32l0xx_hal.c **** 
 490:Drivers/STM32L0xx_HAL_Driver/Src/stm32l0xx_hal.c **** /**
 491:Drivers/STM32L0xx_HAL_Driver/Src/stm32l0xx_hal.c ****   * @brief  Returns the boot mode as configured by user.
 492:Drivers/STM32L0xx_HAL_Driver/Src/stm32l0xx_hal.c ****   * @retval The boot mode as configured by user. The returned value can be one 
 493:Drivers/STM32L0xx_HAL_Driver/Src/stm32l0xx_hal.c ****   *         of the following values:
 494:Drivers/STM32L0xx_HAL_Driver/Src/stm32l0xx_hal.c ****   *              - 0x00000000 : Boot is configured in Main Flash memory 
 495:Drivers/STM32L0xx_HAL_Driver/Src/stm32l0xx_hal.c ****   *              - 0x00000100 : Boot is configured in System Flash memory 
 496:Drivers/STM32L0xx_HAL_Driver/Src/stm32l0xx_hal.c ****   *              - 0x00000300 : Boot is configured in Embedded SRAM memory 
 497:Drivers/STM32L0xx_HAL_Driver/Src/stm32l0xx_hal.c ****   */
 498:Drivers/STM32L0xx_HAL_Driver/Src/stm32l0xx_hal.c **** uint32_t  HAL_SYSCFG_GetBootMode(void)
 499:Drivers/STM32L0xx_HAL_Driver/Src/stm32l0xx_hal.c **** {
 715              		.loc 1 499 0
 716              		.cfi_startproc
 717              		@ args = 0, pretend = 0, frame = 0
 718              		@ frame_needed = 0, uses_anonymous_args = 0
 719              		@ link register save eliminated.
 500:Drivers/STM32L0xx_HAL_Driver/Src/stm32l0xx_hal.c ****   return (SYSCFG->CFGR1 & SYSCFG_CFGR1_BOOT_MODE);
 720              		.loc 1 500 0
 721 0000 024B     		ldr	r3, .L60
 722 0002 1868     		ldr	r0, [r3]
 723 0004 C023     		movs	r3, #192
 724 0006 9B00     		lsls	r3, r3, #2
ARM GAS  /var/folders/2m/zqg86yyd4hbf56w83tkxjpvr0000gn/T//ccVz4yTV.s 			page 22


 725 0008 1840     		ands	r0, r3
 501:Drivers/STM32L0xx_HAL_Driver/Src/stm32l0xx_hal.c **** }
 726              		.loc 1 501 0
 727              		@ sp needed
 728 000a 7047     		bx	lr
 729              	.L61:
 730              		.align	2
 731              	.L60:
 732 000c 00000140 		.word	1073807360
 733              		.cfi_endproc
 734              	.LFE60:
 736              		.section	.text.HAL_SYSCFG_VREFINT_OutputSelect,"ax",%progbits
 737              		.align	1
 738              		.global	HAL_SYSCFG_VREFINT_OutputSelect
 739              		.syntax unified
 740              		.code	16
 741              		.thumb_func
 742              		.fpu softvfp
 744              	HAL_SYSCFG_VREFINT_OutputSelect:
 745              	.LFB61:
 502:Drivers/STM32L0xx_HAL_Driver/Src/stm32l0xx_hal.c **** 
 503:Drivers/STM32L0xx_HAL_Driver/Src/stm32l0xx_hal.c **** /**
 504:Drivers/STM32L0xx_HAL_Driver/Src/stm32l0xx_hal.c ****   * @brief Selects the output of internal reference voltage (VREFINT).
 505:Drivers/STM32L0xx_HAL_Driver/Src/stm32l0xx_hal.c ****   *        The VREFINT output can be routed to(PB0) or
 506:Drivers/STM32L0xx_HAL_Driver/Src/stm32l0xx_hal.c ****   *        (PB1) or both.
 507:Drivers/STM32L0xx_HAL_Driver/Src/stm32l0xx_hal.c ****   * @param SYSCFG_Vrefint_OUTPUT: new state of the Vrefint output.
 508:Drivers/STM32L0xx_HAL_Driver/Src/stm32l0xx_hal.c ****   *        This parameter can be one of the following values:
 509:Drivers/STM32L0xx_HAL_Driver/Src/stm32l0xx_hal.c ****   *     @arg SYSCFG_VREFINT_OUT_NONE
 510:Drivers/STM32L0xx_HAL_Driver/Src/stm32l0xx_hal.c ****   *     @arg SYSCFG_VREFINT_OUT_PB0
 511:Drivers/STM32L0xx_HAL_Driver/Src/stm32l0xx_hal.c ****   *     @arg SYSCFG_VREFINT_OUT_PB1
 512:Drivers/STM32L0xx_HAL_Driver/Src/stm32l0xx_hal.c ****   *     @arg SYSCFG_VREFINT_OUT_PB0_PB1
 513:Drivers/STM32L0xx_HAL_Driver/Src/stm32l0xx_hal.c ****   * @retval None
 514:Drivers/STM32L0xx_HAL_Driver/Src/stm32l0xx_hal.c ****   */
 515:Drivers/STM32L0xx_HAL_Driver/Src/stm32l0xx_hal.c **** void HAL_SYSCFG_VREFINT_OutputSelect(uint32_t SYSCFG_Vrefint_OUTPUT)
 516:Drivers/STM32L0xx_HAL_Driver/Src/stm32l0xx_hal.c **** {
 746              		.loc 1 516 0
 747              		.cfi_startproc
 748              		@ args = 0, pretend = 0, frame = 0
 749              		@ frame_needed = 0, uses_anonymous_args = 0
 750              		@ link register save eliminated.
 751              	.LVL18:
 517:Drivers/STM32L0xx_HAL_Driver/Src/stm32l0xx_hal.c ****   /* Check the parameters */
 518:Drivers/STM32L0xx_HAL_Driver/Src/stm32l0xx_hal.c ****   assert_param(IS_SYSCFG_VREFINT_OUT_SELECT(SYSCFG_Vrefint_OUTPUT));
 519:Drivers/STM32L0xx_HAL_Driver/Src/stm32l0xx_hal.c **** 
 520:Drivers/STM32L0xx_HAL_Driver/Src/stm32l0xx_hal.c ****   /* Set the output Vrefint pin */
 521:Drivers/STM32L0xx_HAL_Driver/Src/stm32l0xx_hal.c ****   SYSCFG->CFGR3 &= ~(SYSCFG_CFGR3_VREF_OUT);
 752              		.loc 1 521 0
 753 0000 044B     		ldr	r3, .L63
 754 0002 1A6A     		ldr	r2, [r3, #32]
 755 0004 3021     		movs	r1, #48
 756 0006 8A43     		bics	r2, r1
 757 0008 1A62     		str	r2, [r3, #32]
 522:Drivers/STM32L0xx_HAL_Driver/Src/stm32l0xx_hal.c ****   SYSCFG->CFGR3 |= (uint32_t)(SYSCFG_Vrefint_OUTPUT);
 758              		.loc 1 522 0
 759 000a 1A6A     		ldr	r2, [r3, #32]
 760 000c 1043     		orrs	r0, r2
 761              	.LVL19:
ARM GAS  /var/folders/2m/zqg86yyd4hbf56w83tkxjpvr0000gn/T//ccVz4yTV.s 			page 23


 762 000e 1862     		str	r0, [r3, #32]
 523:Drivers/STM32L0xx_HAL_Driver/Src/stm32l0xx_hal.c **** }
 763              		.loc 1 523 0
 764              		@ sp needed
 765 0010 7047     		bx	lr
 766              	.L64:
 767 0012 C046     		.align	2
 768              	.L63:
 769 0014 00000140 		.word	1073807360
 770              		.cfi_endproc
 771              	.LFE61:
 773              		.section	.text.HAL_SYSCFG_Enable_Lock_VREFINT,"ax",%progbits
 774              		.align	1
 775              		.global	HAL_SYSCFG_Enable_Lock_VREFINT
 776              		.syntax unified
 777              		.code	16
 778              		.thumb_func
 779              		.fpu softvfp
 781              	HAL_SYSCFG_Enable_Lock_VREFINT:
 782              	.LFB62:
 524:Drivers/STM32L0xx_HAL_Driver/Src/stm32l0xx_hal.c **** 
 525:Drivers/STM32L0xx_HAL_Driver/Src/stm32l0xx_hal.c **** /**
 526:Drivers/STM32L0xx_HAL_Driver/Src/stm32l0xx_hal.c ****   * @brief  Lock the SYSCFG VREF register values
 527:Drivers/STM32L0xx_HAL_Driver/Src/stm32l0xx_hal.c ****   * @retval None
 528:Drivers/STM32L0xx_HAL_Driver/Src/stm32l0xx_hal.c ****   */
 529:Drivers/STM32L0xx_HAL_Driver/Src/stm32l0xx_hal.c **** void HAL_SYSCFG_Enable_Lock_VREFINT(void)
 530:Drivers/STM32L0xx_HAL_Driver/Src/stm32l0xx_hal.c **** {
 783              		.loc 1 530 0
 784              		.cfi_startproc
 785              		@ args = 0, pretend = 0, frame = 0
 786              		@ frame_needed = 0, uses_anonymous_args = 0
 787              		@ link register save eliminated.
 531:Drivers/STM32L0xx_HAL_Driver/Src/stm32l0xx_hal.c ****     /* Enable the LOCK by setting REF_LOCK bit in the CFGR3 register */
 532:Drivers/STM32L0xx_HAL_Driver/Src/stm32l0xx_hal.c ****     SET_BIT(SYSCFG->CFGR3, SYSCFG_CFGR3_REF_LOCK);
 788              		.loc 1 532 0
 789 0000 034A     		ldr	r2, .L66
 790 0002 116A     		ldr	r1, [r2, #32]
 791 0004 8023     		movs	r3, #128
 792 0006 1B06     		lsls	r3, r3, #24
 793 0008 0B43     		orrs	r3, r1
 794 000a 1362     		str	r3, [r2, #32]
 533:Drivers/STM32L0xx_HAL_Driver/Src/stm32l0xx_hal.c **** }
 795              		.loc 1 533 0
 796              		@ sp needed
 797 000c 7047     		bx	lr
 798              	.L67:
 799 000e C046     		.align	2
 800              	.L66:
 801 0010 00000140 		.word	1073807360
 802              		.cfi_endproc
 803              	.LFE62:
 805              		.section	.text.HAL_SYSCFG_Disable_Lock_VREFINT,"ax",%progbits
 806              		.align	1
 807              		.global	HAL_SYSCFG_Disable_Lock_VREFINT
 808              		.syntax unified
 809              		.code	16
 810              		.thumb_func
ARM GAS  /var/folders/2m/zqg86yyd4hbf56w83tkxjpvr0000gn/T//ccVz4yTV.s 			page 24


 811              		.fpu softvfp
 813              	HAL_SYSCFG_Disable_Lock_VREFINT:
 814              	.LFB63:
 534:Drivers/STM32L0xx_HAL_Driver/Src/stm32l0xx_hal.c **** 
 535:Drivers/STM32L0xx_HAL_Driver/Src/stm32l0xx_hal.c **** /**
 536:Drivers/STM32L0xx_HAL_Driver/Src/stm32l0xx_hal.c ****   * @brief  Unlock the overall SYSCFG VREF register values
 537:Drivers/STM32L0xx_HAL_Driver/Src/stm32l0xx_hal.c ****   * @retval None
 538:Drivers/STM32L0xx_HAL_Driver/Src/stm32l0xx_hal.c ****   */
 539:Drivers/STM32L0xx_HAL_Driver/Src/stm32l0xx_hal.c **** void HAL_SYSCFG_Disable_Lock_VREFINT(void)
 540:Drivers/STM32L0xx_HAL_Driver/Src/stm32l0xx_hal.c **** {
 815              		.loc 1 540 0
 816              		.cfi_startproc
 817              		@ args = 0, pretend = 0, frame = 0
 818              		@ frame_needed = 0, uses_anonymous_args = 0
 819              		@ link register save eliminated.
 541:Drivers/STM32L0xx_HAL_Driver/Src/stm32l0xx_hal.c ****     /* Disable the LOCK by setting REF_LOCK bit in the CFGR3 register */
 542:Drivers/STM32L0xx_HAL_Driver/Src/stm32l0xx_hal.c ****     CLEAR_BIT(SYSCFG->CFGR3, SYSCFG_CFGR3_REF_LOCK);
 820              		.loc 1 542 0
 821 0000 024A     		ldr	r2, .L69
 822 0002 136A     		ldr	r3, [r2, #32]
 823 0004 5B00     		lsls	r3, r3, #1
 824 0006 5B08     		lsrs	r3, r3, #1
 825 0008 1362     		str	r3, [r2, #32]
 543:Drivers/STM32L0xx_HAL_Driver/Src/stm32l0xx_hal.c **** }
 826              		.loc 1 543 0
 827              		@ sp needed
 828 000a 7047     		bx	lr
 829              	.L70:
 830              		.align	2
 831              	.L69:
 832 000c 00000140 		.word	1073807360
 833              		.cfi_endproc
 834              	.LFE63:
 836              		.comm	uwTick,4,4
 837              		.text
 838              	.Letext0:
 839              		.file 2 "/opt/gcc-arm-none-eabi-7-2017-q4-major/arm-none-eabi/include/machine/_default_types.h"
 840              		.file 3 "/opt/gcc-arm-none-eabi-7-2017-q4-major/arm-none-eabi/include/sys/_stdint.h"
 841              		.file 4 "Drivers/CMSIS/Include/core_cm0plus.h"
 842              		.file 5 "Drivers/CMSIS/Device/ST/STM32L0xx/Include/system_stm32l0xx.h"
 843              		.file 6 "Drivers/CMSIS/Device/ST/STM32L0xx/Include/stm32l072xx.h"
 844              		.file 7 "/opt/gcc-arm-none-eabi-7-2017-q4-major/arm-none-eabi/include/sys/lock.h"
 845              		.file 8 "/opt/gcc-arm-none-eabi-7-2017-q4-major/arm-none-eabi/include/sys/_types.h"
 846              		.file 9 "/opt/gcc-arm-none-eabi-7-2017-q4-major/lib/gcc/arm-none-eabi/7.2.1/include/stddef.h"
 847              		.file 10 "/opt/gcc-arm-none-eabi-7-2017-q4-major/arm-none-eabi/include/sys/reent.h"
 848              		.file 11 "Drivers/STM32L0xx_HAL_Driver/Inc/stm32l0xx_hal_def.h"
 849              		.file 12 "Drivers/STM32L0xx_HAL_Driver/Inc/stm32l0xx_hal_cortex.h"
ARM GAS  /var/folders/2m/zqg86yyd4hbf56w83tkxjpvr0000gn/T//ccVz4yTV.s 			page 25


DEFINED SYMBOLS
                            *ABS*:0000000000000000 stm32l0xx_hal.c
/var/folders/2m/zqg86yyd4hbf56w83tkxjpvr0000gn/T//ccVz4yTV.s:16     .text.HAL_MspInit:0000000000000000 $t
/var/folders/2m/zqg86yyd4hbf56w83tkxjpvr0000gn/T//ccVz4yTV.s:23     .text.HAL_MspInit:0000000000000000 HAL_MspInit
/var/folders/2m/zqg86yyd4hbf56w83tkxjpvr0000gn/T//ccVz4yTV.s:38     .text.HAL_MspDeInit:0000000000000000 $t
/var/folders/2m/zqg86yyd4hbf56w83tkxjpvr0000gn/T//ccVz4yTV.s:45     .text.HAL_MspDeInit:0000000000000000 HAL_MspDeInit
/var/folders/2m/zqg86yyd4hbf56w83tkxjpvr0000gn/T//ccVz4yTV.s:59     .text.HAL_DeInit:0000000000000000 $t
/var/folders/2m/zqg86yyd4hbf56w83tkxjpvr0000gn/T//ccVz4yTV.s:66     .text.HAL_DeInit:0000000000000000 HAL_DeInit
/var/folders/2m/zqg86yyd4hbf56w83tkxjpvr0000gn/T//ccVz4yTV.s:107    .text.HAL_DeInit:0000000000000024 $d
/var/folders/2m/zqg86yyd4hbf56w83tkxjpvr0000gn/T//ccVz4yTV.s:113    .text.HAL_InitTick:0000000000000000 $t
/var/folders/2m/zqg86yyd4hbf56w83tkxjpvr0000gn/T//ccVz4yTV.s:120    .text.HAL_InitTick:0000000000000000 HAL_InitTick
/var/folders/2m/zqg86yyd4hbf56w83tkxjpvr0000gn/T//ccVz4yTV.s:158    .text.HAL_InitTick:0000000000000024 $d
/var/folders/2m/zqg86yyd4hbf56w83tkxjpvr0000gn/T//ccVz4yTV.s:163    .text.HAL_Init:0000000000000000 $t
/var/folders/2m/zqg86yyd4hbf56w83tkxjpvr0000gn/T//ccVz4yTV.s:170    .text.HAL_Init:0000000000000000 HAL_Init
/var/folders/2m/zqg86yyd4hbf56w83tkxjpvr0000gn/T//ccVz4yTV.s:201    .text.HAL_Init:000000000000001c $d
/var/folders/2m/zqg86yyd4hbf56w83tkxjpvr0000gn/T//ccVz4yTV.s:206    .text.HAL_IncTick:0000000000000000 $t
/var/folders/2m/zqg86yyd4hbf56w83tkxjpvr0000gn/T//ccVz4yTV.s:213    .text.HAL_IncTick:0000000000000000 HAL_IncTick
/var/folders/2m/zqg86yyd4hbf56w83tkxjpvr0000gn/T//ccVz4yTV.s:231    .text.HAL_IncTick:000000000000000c $d
                            *COM*:0000000000000004 uwTick
/var/folders/2m/zqg86yyd4hbf56w83tkxjpvr0000gn/T//ccVz4yTV.s:236    .text.HAL_GetTick:0000000000000000 $t
/var/folders/2m/zqg86yyd4hbf56w83tkxjpvr0000gn/T//ccVz4yTV.s:243    .text.HAL_GetTick:0000000000000000 HAL_GetTick
/var/folders/2m/zqg86yyd4hbf56w83tkxjpvr0000gn/T//ccVz4yTV.s:259    .text.HAL_GetTick:0000000000000008 $d
/var/folders/2m/zqg86yyd4hbf56w83tkxjpvr0000gn/T//ccVz4yTV.s:264    .text.HAL_Delay:0000000000000000 $t
/var/folders/2m/zqg86yyd4hbf56w83tkxjpvr0000gn/T//ccVz4yTV.s:271    .text.HAL_Delay:0000000000000000 HAL_Delay
/var/folders/2m/zqg86yyd4hbf56w83tkxjpvr0000gn/T//ccVz4yTV.s:310    .text.HAL_SuspendTick:0000000000000000 $t
/var/folders/2m/zqg86yyd4hbf56w83tkxjpvr0000gn/T//ccVz4yTV.s:317    .text.HAL_SuspendTick:0000000000000000 HAL_SuspendTick
/var/folders/2m/zqg86yyd4hbf56w83tkxjpvr0000gn/T//ccVz4yTV.s:336    .text.HAL_SuspendTick:000000000000000c $d
/var/folders/2m/zqg86yyd4hbf56w83tkxjpvr0000gn/T//ccVz4yTV.s:341    .text.HAL_ResumeTick:0000000000000000 $t
/var/folders/2m/zqg86yyd4hbf56w83tkxjpvr0000gn/T//ccVz4yTV.s:348    .text.HAL_ResumeTick:0000000000000000 HAL_ResumeTick
/var/folders/2m/zqg86yyd4hbf56w83tkxjpvr0000gn/T//ccVz4yTV.s:367    .text.HAL_ResumeTick:000000000000000c $d
/var/folders/2m/zqg86yyd4hbf56w83tkxjpvr0000gn/T//ccVz4yTV.s:372    .text.HAL_GetHalVersion:0000000000000000 $t
/var/folders/2m/zqg86yyd4hbf56w83tkxjpvr0000gn/T//ccVz4yTV.s:379    .text.HAL_GetHalVersion:0000000000000000 HAL_GetHalVersion
/var/folders/2m/zqg86yyd4hbf56w83tkxjpvr0000gn/T//ccVz4yTV.s:393    .text.HAL_GetHalVersion:0000000000000004 $d
/var/folders/2m/zqg86yyd4hbf56w83tkxjpvr0000gn/T//ccVz4yTV.s:398    .text.HAL_GetREVID:0000000000000000 $t
/var/folders/2m/zqg86yyd4hbf56w83tkxjpvr0000gn/T//ccVz4yTV.s:405    .text.HAL_GetREVID:0000000000000000 HAL_GetREVID
/var/folders/2m/zqg86yyd4hbf56w83tkxjpvr0000gn/T//ccVz4yTV.s:422    .text.HAL_GetREVID:0000000000000008 $d
/var/folders/2m/zqg86yyd4hbf56w83tkxjpvr0000gn/T//ccVz4yTV.s:427    .text.HAL_GetDEVID:0000000000000000 $t
/var/folders/2m/zqg86yyd4hbf56w83tkxjpvr0000gn/T//ccVz4yTV.s:434    .text.HAL_GetDEVID:0000000000000000 HAL_GetDEVID
/var/folders/2m/zqg86yyd4hbf56w83tkxjpvr0000gn/T//ccVz4yTV.s:452    .text.HAL_GetDEVID:000000000000000c $d
/var/folders/2m/zqg86yyd4hbf56w83tkxjpvr0000gn/T//ccVz4yTV.s:457    .text.HAL_DBGMCU_EnableDBGSleepMode:0000000000000000 $t
/var/folders/2m/zqg86yyd4hbf56w83tkxjpvr0000gn/T//ccVz4yTV.s:464    .text.HAL_DBGMCU_EnableDBGSleepMode:0000000000000000 HAL_DBGMCU_EnableDBGSleepMode
/var/folders/2m/zqg86yyd4hbf56w83tkxjpvr0000gn/T//ccVz4yTV.s:483    .text.HAL_DBGMCU_EnableDBGSleepMode:000000000000000c $d
/var/folders/2m/zqg86yyd4hbf56w83tkxjpvr0000gn/T//ccVz4yTV.s:488    .text.HAL_DBGMCU_DisableDBGSleepMode:0000000000000000 $t
/var/folders/2m/zqg86yyd4hbf56w83tkxjpvr0000gn/T//ccVz4yTV.s:495    .text.HAL_DBGMCU_DisableDBGSleepMode:0000000000000000 HAL_DBGMCU_DisableDBGSleepMode
/var/folders/2m/zqg86yyd4hbf56w83tkxjpvr0000gn/T//ccVz4yTV.s:514    .text.HAL_DBGMCU_DisableDBGSleepMode:000000000000000c $d
/var/folders/2m/zqg86yyd4hbf56w83tkxjpvr0000gn/T//ccVz4yTV.s:519    .text.HAL_DBGMCU_EnableDBGStopMode:0000000000000000 $t
/var/folders/2m/zqg86yyd4hbf56w83tkxjpvr0000gn/T//ccVz4yTV.s:526    .text.HAL_DBGMCU_EnableDBGStopMode:0000000000000000 HAL_DBGMCU_EnableDBGStopMode
/var/folders/2m/zqg86yyd4hbf56w83tkxjpvr0000gn/T//ccVz4yTV.s:545    .text.HAL_DBGMCU_EnableDBGStopMode:000000000000000c $d
/var/folders/2m/zqg86yyd4hbf56w83tkxjpvr0000gn/T//ccVz4yTV.s:550    .text.HAL_DBGMCU_DisableDBGStopMode:0000000000000000 $t
/var/folders/2m/zqg86yyd4hbf56w83tkxjpvr0000gn/T//ccVz4yTV.s:557    .text.HAL_DBGMCU_DisableDBGStopMode:0000000000000000 HAL_DBGMCU_DisableDBGStopMode
/var/folders/2m/zqg86yyd4hbf56w83tkxjpvr0000gn/T//ccVz4yTV.s:576    .text.HAL_DBGMCU_DisableDBGStopMode:000000000000000c $d
/var/folders/2m/zqg86yyd4hbf56w83tkxjpvr0000gn/T//ccVz4yTV.s:581    .text.HAL_DBGMCU_EnableDBGStandbyMode:0000000000000000 $t
/var/folders/2m/zqg86yyd4hbf56w83tkxjpvr0000gn/T//ccVz4yTV.s:588    .text.HAL_DBGMCU_EnableDBGStandbyMode:0000000000000000 HAL_DBGMCU_EnableDBGStandbyMode
/var/folders/2m/zqg86yyd4hbf56w83tkxjpvr0000gn/T//ccVz4yTV.s:607    .text.HAL_DBGMCU_EnableDBGStandbyMode:000000000000000c $d
/var/folders/2m/zqg86yyd4hbf56w83tkxjpvr0000gn/T//ccVz4yTV.s:612    .text.HAL_DBGMCU_DisableDBGStandbyMode:0000000000000000 $t
/var/folders/2m/zqg86yyd4hbf56w83tkxjpvr0000gn/T//ccVz4yTV.s:619    .text.HAL_DBGMCU_DisableDBGStandbyMode:0000000000000000 HAL_DBGMCU_DisableDBGStandbyMode
/var/folders/2m/zqg86yyd4hbf56w83tkxjpvr0000gn/T//ccVz4yTV.s:638    .text.HAL_DBGMCU_DisableDBGStandbyMode:000000000000000c $d
ARM GAS  /var/folders/2m/zqg86yyd4hbf56w83tkxjpvr0000gn/T//ccVz4yTV.s 			page 26


/var/folders/2m/zqg86yyd4hbf56w83tkxjpvr0000gn/T//ccVz4yTV.s:643    .text.HAL_DBGMCU_DBG_EnableLowPowerConfig:0000000000000000 $t
/var/folders/2m/zqg86yyd4hbf56w83tkxjpvr0000gn/T//ccVz4yTV.s:650    .text.HAL_DBGMCU_DBG_EnableLowPowerConfig:0000000000000000 HAL_DBGMCU_DBG_EnableLowPowerConfig
/var/folders/2m/zqg86yyd4hbf56w83tkxjpvr0000gn/T//ccVz4yTV.s:670    .text.HAL_DBGMCU_DBG_EnableLowPowerConfig:000000000000000c $d
/var/folders/2m/zqg86yyd4hbf56w83tkxjpvr0000gn/T//ccVz4yTV.s:675    .text.HAL_DBGMCU_DBG_DisableLowPowerConfig:0000000000000000 $t
/var/folders/2m/zqg86yyd4hbf56w83tkxjpvr0000gn/T//ccVz4yTV.s:682    .text.HAL_DBGMCU_DBG_DisableLowPowerConfig:0000000000000000 HAL_DBGMCU_DBG_DisableLowPowerConfig
/var/folders/2m/zqg86yyd4hbf56w83tkxjpvr0000gn/T//ccVz4yTV.s:701    .text.HAL_DBGMCU_DBG_DisableLowPowerConfig:000000000000000c $d
/var/folders/2m/zqg86yyd4hbf56w83tkxjpvr0000gn/T//ccVz4yTV.s:706    .text.HAL_SYSCFG_GetBootMode:0000000000000000 $t
/var/folders/2m/zqg86yyd4hbf56w83tkxjpvr0000gn/T//ccVz4yTV.s:713    .text.HAL_SYSCFG_GetBootMode:0000000000000000 HAL_SYSCFG_GetBootMode
/var/folders/2m/zqg86yyd4hbf56w83tkxjpvr0000gn/T//ccVz4yTV.s:732    .text.HAL_SYSCFG_GetBootMode:000000000000000c $d
/var/folders/2m/zqg86yyd4hbf56w83tkxjpvr0000gn/T//ccVz4yTV.s:737    .text.HAL_SYSCFG_VREFINT_OutputSelect:0000000000000000 $t
/var/folders/2m/zqg86yyd4hbf56w83tkxjpvr0000gn/T//ccVz4yTV.s:744    .text.HAL_SYSCFG_VREFINT_OutputSelect:0000000000000000 HAL_SYSCFG_VREFINT_OutputSelect
/var/folders/2m/zqg86yyd4hbf56w83tkxjpvr0000gn/T//ccVz4yTV.s:769    .text.HAL_SYSCFG_VREFINT_OutputSelect:0000000000000014 $d
/var/folders/2m/zqg86yyd4hbf56w83tkxjpvr0000gn/T//ccVz4yTV.s:774    .text.HAL_SYSCFG_Enable_Lock_VREFINT:0000000000000000 $t
/var/folders/2m/zqg86yyd4hbf56w83tkxjpvr0000gn/T//ccVz4yTV.s:781    .text.HAL_SYSCFG_Enable_Lock_VREFINT:0000000000000000 HAL_SYSCFG_Enable_Lock_VREFINT
/var/folders/2m/zqg86yyd4hbf56w83tkxjpvr0000gn/T//ccVz4yTV.s:801    .text.HAL_SYSCFG_Enable_Lock_VREFINT:0000000000000010 $d
/var/folders/2m/zqg86yyd4hbf56w83tkxjpvr0000gn/T//ccVz4yTV.s:806    .text.HAL_SYSCFG_Disable_Lock_VREFINT:0000000000000000 $t
/var/folders/2m/zqg86yyd4hbf56w83tkxjpvr0000gn/T//ccVz4yTV.s:813    .text.HAL_SYSCFG_Disable_Lock_VREFINT:0000000000000000 HAL_SYSCFG_Disable_Lock_VREFINT
/var/folders/2m/zqg86yyd4hbf56w83tkxjpvr0000gn/T//ccVz4yTV.s:832    .text.HAL_SYSCFG_Disable_Lock_VREFINT:000000000000000c $d

UNDEFINED SYMBOLS
__aeabi_uidiv
HAL_SYSTICK_Config
HAL_NVIC_SetPriority
SystemCoreClock
